{"/Users/liencardoen/Code/mamp-root/Integration 4/INT4-Team6/web/www/src/App.js": {"path":"/Users/liencardoen/Code/mamp-root/Integration 4/INT4-Team6/web/www/src/App.js","statementMap":{"0":{"start":{"line":18,"column":12},"end":{"line":52,"column":2}},"1":{"start":{"line":19,"column":2},"end":{"line":51,"column":5}},"2":{"start":{"line":20,"column":4},"end":{"line":50,"column":13}}},"fnMap":{"0":{"name":"(anonymous_0)","decl":{"start":{"line":18,"column":12},"end":{"line":18,"column":13}},"loc":{"start":{"line":18,"column":18},"end":{"line":52,"column":2}},"line":18},"1":{"name":"(anonymous_1)","decl":{"start":{"line":19,"column":21},"end":{"line":19,"column":22}},"loc":{"start":{"line":20,"column":4},"end":{"line":50,"column":13}},"line":20}},"branchMap":{},"s":{"0":0,"1":0,"2":0},"f":{"0":0,"1":0},"b":{},"hash":"98edee55c76e9e5a662812bab25a7aa5b6290bcc"}
,"/Users/liencardoen/Code/mamp-root/Integration 4/INT4-Team6/web/www/src/index.js": {"path":"/Users/liencardoen/Code/mamp-root/Integration 4/INT4-Team6/web/www/src/index.js","statementMap":{"0":{"start":{"line":8,"column":0},"end":{"line":13,"column":2}},"1":{"start":{"line":15,"column":0},"end":{"line":15,"column":27}}},"fnMap":{},"branchMap":{},"s":{"0":0,"1":0},"f":{},"b":{},"hash":"4f75123e7b7449cba8b09fcf40f1b2f46447a243"}
,"/Users/liencardoen/Code/mamp-root/Integration 4/INT4-Team6/web/www/src/serviceWorker.js": {"path":"/Users/liencardoen/Code/mamp-root/Integration 4/INT4-Team6/web/www/src/serviceWorker.js","statementMap":{"0":{"start":{"line":13,"column":20},"end":{"line":21,"column":1}},"1":{"start":{"line":24,"column":2},"end":{"line":54,"column":3}},"2":{"start":{"line":26,"column":22},"end":{"line":26,"column":75}},"3":{"start":{"line":27,"column":4},"end":{"line":32,"column":5}},"4":{"start":{"line":31,"column":6},"end":{"line":31,"column":13}},"5":{"start":{"line":34,"column":4},"end":{"line":53,"column":7}},"6":{"start":{"line":35,"column":20},"end":{"line":35,"column":65}},"7":{"start":{"line":37,"column":6},"end":{"line":52,"column":7}},"8":{"start":{"line":39,"column":8},"end":{"line":39,"column":47}},"9":{"start":{"line":43,"column":8},"end":{"line":48,"column":11}},"10":{"start":{"line":44,"column":10},"end":{"line":47,"column":12}},"11":{"start":{"line":51,"column":8},"end":{"line":51,"column":39}},"12":{"start":{"line":58,"column":2},"end":{"line":98,"column":7}},"13":{"start":{"line":61,"column":6},"end":{"line":94,"column":8}},"14":{"start":{"line":62,"column":33},"end":{"line":62,"column":56}},"15":{"start":{"line":63,"column":8},"end":{"line":65,"column":9}},"16":{"start":{"line":64,"column":10},"end":{"line":64,"column":17}},"17":{"start":{"line":66,"column":8},"end":{"line":93,"column":10}},"18":{"start":{"line":67,"column":10},"end":{"line":92,"column":11}},"19":{"start":{"line":68,"column":12},"end":{"line":91,"column":13}},"20":{"start":{"line":72,"column":14},"end":{"line":75,"column":16}},"21":{"start":{"line":78,"column":14},"end":{"line":80,"column":15}},"22":{"start":{"line":79,"column":16},"end":{"line":79,"column":46}},"23":{"start":{"line":85,"column":14},"end":{"line":85,"column":64}},"24":{"start":{"line":88,"column":14},"end":{"line":90,"column":15}},"25":{"start":{"line":89,"column":16},"end":{"line":89,"column":47}},"26":{"start":{"line":97,"column":6},"end":{"line":97,"column":72}},"27":{"start":{"line":103,"column":2},"end":{"line":128,"column":7}},"28":{"start":{"line":108,"column":26},"end":{"line":108,"column":62}},"29":{"start":{"line":109,"column":6},"end":{"line":122,"column":7}},"30":{"start":{"line":114,"column":8},"end":{"line":118,"column":11}},"31":{"start":{"line":115,"column":10},"end":{"line":117,"column":13}},"32":{"start":{"line":116,"column":12},"end":{"line":116,"column":37}},"33":{"start":{"line":121,"column":8},"end":{"line":121,"column":39}},"34":{"start":{"line":125,"column":6},"end":{"line":127,"column":8}},"35":{"start":{"line":132,"column":2},"end":{"line":140,"column":3}},"36":{"start":{"line":133,"column":4},"end":{"line":139,"column":9}},"37":{"start":{"line":135,"column":8},"end":{"line":135,"column":34}},"38":{"start":{"line":138,"column":8},"end":{"line":138,"column":37}}},"fnMap":{"0":{"name":"register","decl":{"start":{"line":23,"column":16},"end":{"line":23,"column":24}},"loc":{"start":{"line":23,"column":33},"end":{"line":55,"column":1}},"line":23},"1":{"name":"(anonymous_1)","decl":{"start":{"line":34,"column":36},"end":{"line":34,"column":37}},"loc":{"start":{"line":34,"column":42},"end":{"line":53,"column":5}},"line":34},"2":{"name":"(anonymous_2)","decl":{"start":{"line":43,"column":43},"end":{"line":43,"column":44}},"loc":{"start":{"line":43,"column":49},"end":{"line":48,"column":9}},"line":43},"3":{"name":"registerValidSW","decl":{"start":{"line":57,"column":9},"end":{"line":57,"column":24}},"loc":{"start":{"line":57,"column":40},"end":{"line":99,"column":1}},"line":57},"4":{"name":"(anonymous_4)","decl":{"start":{"line":60,"column":10},"end":{"line":60,"column":11}},"loc":{"start":{"line":60,"column":26},"end":{"line":95,"column":5}},"line":60},"5":{"name":"(anonymous_5)","decl":{"start":{"line":61,"column":35},"end":{"line":61,"column":36}},"loc":{"start":{"line":61,"column":41},"end":{"line":94,"column":7}},"line":61},"6":{"name":"(anonymous_6)","decl":{"start":{"line":66,"column":41},"end":{"line":66,"column":42}},"loc":{"start":{"line":66,"column":47},"end":{"line":93,"column":9}},"line":66},"7":{"name":"(anonymous_7)","decl":{"start":{"line":96,"column":11},"end":{"line":96,"column":12}},"loc":{"start":{"line":96,"column":20},"end":{"line":98,"column":5}},"line":96},"8":{"name":"checkValidServiceWorker","decl":{"start":{"line":101,"column":9},"end":{"line":101,"column":32}},"loc":{"start":{"line":101,"column":48},"end":{"line":129,"column":1}},"line":101},"9":{"name":"(anonymous_9)","decl":{"start":{"line":106,"column":10},"end":{"line":106,"column":11}},"loc":{"start":{"line":106,"column":22},"end":{"line":123,"column":5}},"line":106},"10":{"name":"(anonymous_10)","decl":{"start":{"line":114,"column":43},"end":{"line":114,"column":44}},"loc":{"start":{"line":114,"column":59},"end":{"line":118,"column":9}},"line":114},"11":{"name":"(anonymous_11)","decl":{"start":{"line":115,"column":41},"end":{"line":115,"column":42}},"loc":{"start":{"line":115,"column":47},"end":{"line":117,"column":11}},"line":115},"12":{"name":"(anonymous_12)","decl":{"start":{"line":124,"column":11},"end":{"line":124,"column":12}},"loc":{"start":{"line":124,"column":17},"end":{"line":128,"column":5}},"line":124},"13":{"name":"unregister","decl":{"start":{"line":131,"column":16},"end":{"line":131,"column":26}},"loc":{"start":{"line":131,"column":29},"end":{"line":141,"column":1}},"line":131},"14":{"name":"(anonymous_14)","decl":{"start":{"line":134,"column":12},"end":{"line":134,"column":13}},"loc":{"start":{"line":134,"column":28},"end":{"line":136,"column":7}},"line":134},"15":{"name":"(anonymous_15)","decl":{"start":{"line":137,"column":13},"end":{"line":137,"column":14}},"loc":{"start":{"line":137,"column":22},"end":{"line":139,"column":7}},"line":137}},"branchMap":{"0":{"loc":{"start":{"line":14,"column":2},"end":{"line":20,"column":5}},"type":"binary-expr","locations":[{"start":{"line":14,"column":2},"end":{"line":14,"column":42}},{"start":{"line":16,"column":4},"end":{"line":16,"column":40}},{"start":{"line":18,"column":4},"end":{"line":20,"column":5}}],"line":14},"1":{"loc":{"start":{"line":24,"column":2},"end":{"line":54,"column":3}},"type":"if","locations":[{"start":{"line":24,"column":2},"end":{"line":54,"column":3}},{"start":{"line":24,"column":2},"end":{"line":54,"column":3}}],"line":24},"2":{"loc":{"start":{"line":24,"column":6},"end":{"line":24,"column":75}},"type":"binary-expr","locations":[{"start":{"line":24,"column":6},"end":{"line":24,"column":43}},{"start":{"line":24,"column":47},"end":{"line":24,"column":75}}],"line":24},"3":{"loc":{"start":{"line":27,"column":4},"end":{"line":32,"column":5}},"type":"if","locations":[{"start":{"line":27,"column":4},"end":{"line":32,"column":5}},{"start":{"line":27,"column":4},"end":{"line":32,"column":5}}],"line":27},"4":{"loc":{"start":{"line":37,"column":6},"end":{"line":52,"column":7}},"type":"if","locations":[{"start":{"line":37,"column":6},"end":{"line":52,"column":7}},{"start":{"line":37,"column":6},"end":{"line":52,"column":7}}],"line":37},"5":{"loc":{"start":{"line":63,"column":8},"end":{"line":65,"column":9}},"type":"if","locations":[{"start":{"line":63,"column":8},"end":{"line":65,"column":9}},{"start":{"line":63,"column":8},"end":{"line":65,"column":9}}],"line":63},"6":{"loc":{"start":{"line":67,"column":10},"end":{"line":92,"column":11}},"type":"if","locations":[{"start":{"line":67,"column":10},"end":{"line":92,"column":11}},{"start":{"line":67,"column":10},"end":{"line":92,"column":11}}],"line":67},"7":{"loc":{"start":{"line":68,"column":12},"end":{"line":91,"column":13}},"type":"if","locations":[{"start":{"line":68,"column":12},"end":{"line":91,"column":13}},{"start":{"line":68,"column":12},"end":{"line":91,"column":13}}],"line":68},"8":{"loc":{"start":{"line":78,"column":14},"end":{"line":80,"column":15}},"type":"if","locations":[{"start":{"line":78,"column":14},"end":{"line":80,"column":15}},{"start":{"line":78,"column":14},"end":{"line":80,"column":15}}],"line":78},"9":{"loc":{"start":{"line":78,"column":18},"end":{"line":78,"column":43}},"type":"binary-expr","locations":[{"start":{"line":78,"column":18},"end":{"line":78,"column":24}},{"start":{"line":78,"column":28},"end":{"line":78,"column":43}}],"line":78},"10":{"loc":{"start":{"line":88,"column":14},"end":{"line":90,"column":15}},"type":"if","locations":[{"start":{"line":88,"column":14},"end":{"line":90,"column":15}},{"start":{"line":88,"column":14},"end":{"line":90,"column":15}}],"line":88},"11":{"loc":{"start":{"line":88,"column":18},"end":{"line":88,"column":44}},"type":"binary-expr","locations":[{"start":{"line":88,"column":18},"end":{"line":88,"column":24}},{"start":{"line":88,"column":28},"end":{"line":88,"column":44}}],"line":88},"12":{"loc":{"start":{"line":109,"column":6},"end":{"line":122,"column":7}},"type":"if","locations":[{"start":{"line":109,"column":6},"end":{"line":122,"column":7}},{"start":{"line":109,"column":6},"end":{"line":122,"column":7}}],"line":109},"13":{"loc":{"start":{"line":110,"column":8},"end":{"line":111,"column":73}},"type":"binary-expr","locations":[{"start":{"line":110,"column":8},"end":{"line":110,"column":31}},{"start":{"line":111,"column":9},"end":{"line":111,"column":28}},{"start":{"line":111,"column":32},"end":{"line":111,"column":72}}],"line":110},"14":{"loc":{"start":{"line":132,"column":2},"end":{"line":140,"column":3}},"type":"if","locations":[{"start":{"line":132,"column":2},"end":{"line":140,"column":3}},{"start":{"line":132,"column":2},"end":{"line":140,"column":3}}],"line":132}},"s":{"0":0,"1":0,"2":0,"3":0,"4":0,"5":0,"6":0,"7":0,"8":0,"9":0,"10":0,"11":0,"12":0,"13":0,"14":0,"15":0,"16":0,"17":0,"18":0,"19":0,"20":0,"21":0,"22":0,"23":0,"24":0,"25":0,"26":0,"27":0,"28":0,"29":0,"30":0,"31":0,"32":0,"33":0,"34":0,"35":0,"36":0,"37":0,"38":0},"f":{"0":0,"1":0,"2":0,"3":0,"4":0,"5":0,"6":0,"7":0,"8":0,"9":0,"10":0,"11":0,"12":0,"13":0,"14":0,"15":0},"b":{"0":[0,0,0],"1":[0,0],"2":[0,0],"3":[0,0],"4":[0,0],"5":[0,0],"6":[0,0],"7":[0,0],"8":[0,0],"9":[0,0],"10":[0,0],"11":[0,0],"12":[0,0],"13":[0,0,0],"14":[0,0]},"hash":"52593c27950ca409121c4f5cc5c4d0549eb0eb81"}
,"/Users/liencardoen/Code/mamp-root/Integration 4/INT4-Team6/web/www/src/components/Ancestor/index.jsx": {"path":"/Users/liencardoen/Code/mamp-root/Integration 4/INT4-Team6/web/www/src/components/Ancestor/index.jsx","statementMap":{"0":{"start":{"line":7,"column":17},"end":{"line":112,"column":1}},"1":{"start":{"line":8,"column":18},"end":{"line":8,"column":51}},"2":{"start":{"line":9,"column":18},"end":{"line":9,"column":30}},"3":{"start":{"line":10,"column":17},"end":{"line":10,"column":29}},"4":{"start":{"line":11,"column":24},"end":{"line":11,"column":25}},"5":{"start":{"line":12,"column":19},"end":{"line":12,"column":23}},"6":{"start":{"line":14,"column":2},"end":{"line":22,"column":3}},"7":{"start":{"line":15,"column":4},"end":{"line":15,"column":27}},"8":{"start":{"line":16,"column":9},"end":{"line":22,"column":3}},"9":{"start":{"line":17,"column":4},"end":{"line":17,"column":27}},"10":{"start":{"line":18,"column":4},"end":{"line":18,"column":22}},"11":{"start":{"line":19,"column":9},"end":{"line":22,"column":3}},"12":{"start":{"line":20,"column":4},"end":{"line":20,"column":27}},"13":{"start":{"line":21,"column":4},"end":{"line":21,"column":22}},"14":{"start":{"line":25,"column":18},"end":{"line":27,"column":3}},"15":{"start":{"line":29,"column":19},"end":{"line":31,"column":3}},"16":{"start":{"line":34,"column":30},"end":{"line":34,"column":45}},"17":{"start":{"line":35,"column":17},"end":{"line":37,"column":4}},"18":{"start":{"line":40,"column":20},"end":{"line":40,"column":51}},"19":{"start":{"line":42,"column":17},"end":{"line":44,"column":3}},"20":{"start":{"line":43,"column":4},"end":{"line":43,"column":64}},"21":{"start":{"line":46,"column":13},"end":{"line":46,"column":24}},"22":{"start":{"line":47,"column":13},"end":{"line":47,"column":28}},"23":{"start":{"line":48,"column":13},"end":{"line":48,"column":24}},"24":{"start":{"line":50,"column":16},"end":{"line":50,"column":63}},"25":{"start":{"line":52,"column":22},"end":{"line":55,"column":4}},"26":{"start":{"line":53,"column":4},"end":{"line":53,"column":24}},"27":{"start":{"line":54,"column":4},"end":{"line":54,"column":20}},"28":{"start":{"line":57,"column":2},"end":{"line":111,"column":4}},"29":{"start":{"line":88,"column":30},"end":{"line":88,"column":50}},"30":{"start":{"line":89,"column":31},"end":{"line":89,"column":52}},"31":{"start":{"line":114,"column":0},"end":{"line":116,"column":2}}},"fnMap":{"0":{"name":"(anonymous_0)","decl":{"start":{"line":7,"column":17},"end":{"line":7,"column":18}},"loc":{"start":{"line":7,"column":35},"end":{"line":112,"column":1}},"line":7},"1":{"name":"(anonymous_1)","decl":{"start":{"line":42,"column":33},"end":{"line":42,"column":34}},"loc":{"start":{"line":43,"column":4},"end":{"line":43,"column":64}},"line":43},"2":{"name":"(anonymous_2)","decl":{"start":{"line":52,"column":34},"end":{"line":52,"column":35}},"loc":{"start":{"line":52,"column":48},"end":{"line":55,"column":3}},"line":52},"3":{"name":"(anonymous_3)","decl":{"start":{"line":88,"column":23},"end":{"line":88,"column":24}},"loc":{"start":{"line":88,"column":30},"end":{"line":88,"column":50}},"line":88},"4":{"name":"(anonymous_4)","decl":{"start":{"line":89,"column":24},"end":{"line":89,"column":25}},"loc":{"start":{"line":89,"column":31},"end":{"line":89,"column":52}},"line":89}},"branchMap":{"0":{"loc":{"start":{"line":14,"column":2},"end":{"line":22,"column":3}},"type":"if","locations":[{"start":{"line":14,"column":2},"end":{"line":22,"column":3}},{"start":{"line":14,"column":2},"end":{"line":22,"column":3}}],"line":14},"1":{"loc":{"start":{"line":16,"column":9},"end":{"line":22,"column":3}},"type":"if","locations":[{"start":{"line":16,"column":9},"end":{"line":22,"column":3}},{"start":{"line":16,"column":9},"end":{"line":22,"column":3}}],"line":16},"2":{"loc":{"start":{"line":19,"column":9},"end":{"line":22,"column":3}},"type":"if","locations":[{"start":{"line":19,"column":9},"end":{"line":22,"column":3}},{"start":{"line":19,"column":9},"end":{"line":22,"column":3}}],"line":19},"3":{"loc":{"start":{"line":36,"column":11},"end":{"line":36,"column":76}},"type":"cond-expr","locations":[{"start":{"line":36,"column":21},"end":{"line":36,"column":50}},{"start":{"line":36,"column":53},"end":{"line":36,"column":76}}],"line":36},"4":{"loc":{"start":{"line":43,"column":4},"end":{"line":43,"column":64}},"type":"cond-expr","locations":[{"start":{"line":43,"column":29},"end":{"line":43,"column":51}},{"start":{"line":43,"column":54},"end":{"line":43,"column":64}}],"line":43}},"s":{"0":0,"1":0,"2":0,"3":0,"4":0,"5":0,"6":0,"7":0,"8":0,"9":0,"10":0,"11":0,"12":0,"13":0,"14":0,"15":0,"16":0,"17":0,"18":0,"19":0,"20":0,"21":0,"22":0,"23":0,"24":0,"25":0,"26":0,"27":0,"28":0,"29":0,"30":0,"31":0},"f":{"0":0,"1":0,"2":0,"3":0,"4":0},"b":{"0":[0,0],"1":[0,0],"2":[0,0],"3":[0,0],"4":[0,0]},"hash":"ed5290825244ac501a4ee58123ace1b1819bcebc"}
,"/Users/liencardoen/Code/mamp-root/Integration 4/INT4-Team6/web/www/src/components/Ancestors/effectTest.jsx": {"path":"/Users/liencardoen/Code/mamp-root/Integration 4/INT4-Team6/web/www/src/components/Ancestors/effectTest.jsx","statementMap":{"0":{"start":{"line":11,"column":0},"end":{"line":11,"column":51}},"1":{"start":{"line":14,"column":38},"end":{"line":14,"column":48}},"2":{"start":{"line":16,"column":24},"end":{"line":34,"column":8}},"3":{"start":{"line":17,"column":24},"end":{"line":17,"column":53}},"4":{"start":{"line":18,"column":28},"end":{"line":18,"column":74}},"5":{"start":{"line":20,"column":17},"end":{"line":20,"column":56}},"6":{"start":{"line":21,"column":4},"end":{"line":21,"column":32}},"7":{"start":{"line":22,"column":4},"end":{"line":22,"column":30}},"8":{"start":{"line":24,"column":26},"end":{"line":24,"column":48}},"9":{"start":{"line":30,"column":4},"end":{"line":30,"column":39}},"10":{"start":{"line":33,"column":4},"end":{"line":33,"column":33}},"11":{"start":{"line":36,"column":2},"end":{"line":39,"column":26}},"12":{"start":{"line":37,"column":4},"end":{"line":37,"column":42}},"13":{"start":{"line":38,"column":4},"end":{"line":38,"column":43}},"14":{"start":{"line":41,"column":2},"end":{"line":44,"column":8}},"15":{"start":{"line":42,"column":4},"end":{"line":42,"column":18}},"16":{"start":{"line":43,"column":4},"end":{"line":43,"column":19}},"17":{"start":{"line":46,"column":2},"end":{"line":46,"column":14}}},"fnMap":{"0":{"name":"Effect","decl":{"start":{"line":13,"column":9},"end":{"line":13,"column":15}},"loc":{"start":{"line":13,"column":18},"end":{"line":47,"column":1}},"line":13},"1":{"name":"(anonymous_1)","decl":{"start":{"line":16,"column":32},"end":{"line":16,"column":33}},"loc":{"start":{"line":16,"column":38},"end":{"line":34,"column":3}},"line":16},"2":{"name":"(anonymous_2)","decl":{"start":{"line":36,"column":12},"end":{"line":36,"column":13}},"loc":{"start":{"line":36,"column":18},"end":{"line":39,"column":3}},"line":36},"3":{"name":"(anonymous_3)","decl":{"start":{"line":41,"column":11},"end":{"line":41,"column":12}},"loc":{"start":{"line":41,"column":17},"end":{"line":44,"column":3}},"line":41}},"branchMap":{},"s":{"0":0,"1":0,"2":0,"3":0,"4":0,"5":0,"6":0,"7":0,"8":0,"9":0,"10":0,"11":0,"12":0,"13":0,"14":0,"15":0,"16":0,"17":0},"f":{"0":0,"1":0,"2":0,"3":0},"b":{},"hash":"54f4869a8de37aea9460a73c2515f26ff67adeb5"}
,"/Users/liencardoen/Code/mamp-root/Integration 4/INT4-Team6/web/www/src/components/Ancestors/effects.jsx": {"path":"/Users/liencardoen/Code/mamp-root/Integration 4/INT4-Team6/web/www/src/components/Ancestors/effects.jsx","statementMap":{"0":{"start":{"line":16,"column":0},"end":{"line":23,"column":3}},"1":{"start":{"line":27,"column":19},"end":{"line":27,"column":27}},"2":{"start":{"line":28,"column":38},"end":{"line":28,"column":48}},"3":{"start":{"line":29,"column":17},"end":{"line":29,"column":82}},"4":{"start":{"line":29,"column":31},"end":{"line":29,"column":73}},"5":{"start":{"line":34,"column":18},"end":{"line":34,"column":84}},"6":{"start":{"line":34,"column":33},"end":{"line":34,"column":79}},"7":{"start":{"line":36,"column":2},"end":{"line":36,"column":82}},"8":{"start":{"line":36,"column":18},"end":{"line":36,"column":72}},"9":{"start":{"line":37,"column":2},"end":{"line":37,"column":47}},"10":{"start":{"line":37,"column":17},"end":{"line":37,"column":42}},"11":{"start":{"line":39,"column":2},"end":{"line":54,"column":4}}},"fnMap":{"0":{"name":"Effects","decl":{"start":{"line":25,"column":24},"end":{"line":25,"column":31}},"loc":{"start":{"line":25,"column":34},"end":{"line":55,"column":1}},"line":25},"1":{"name":"(anonymous_1)","decl":{"start":{"line":29,"column":25},"end":{"line":29,"column":26}},"loc":{"start":{"line":29,"column":31},"end":{"line":29,"column":73}},"line":29},"2":{"name":"(anonymous_2)","decl":{"start":{"line":34,"column":26},"end":{"line":34,"column":27}},"loc":{"start":{"line":34,"column":33},"end":{"line":34,"column":79}},"line":34},"3":{"name":"(anonymous_3)","decl":{"start":{"line":36,"column":12},"end":{"line":36,"column":13}},"loc":{"start":{"line":36,"column":18},"end":{"line":36,"column":72}},"line":36},"4":{"name":"(anonymous_4)","decl":{"start":{"line":37,"column":11},"end":{"line":37,"column":12}},"loc":{"start":{"line":37,"column":17},"end":{"line":37,"column":42}},"line":37}},"branchMap":{},"s":{"0":0,"1":0,"2":0,"3":0,"4":0,"5":0,"6":0,"7":0,"8":0,"9":0,"10":0,"11":0},"f":{"0":0,"1":0,"2":0,"3":0,"4":0},"b":{},"hash":"56511db5019ca2b3149bf7439a82b8a69b7cca64"}
,"/Users/liencardoen/Code/mamp-root/Integration 4/INT4-Team6/web/www/src/components/Ancestors/index.jsx": {"path":"/Users/liencardoen/Code/mamp-root/Integration 4/INT4-Team6/web/www/src/components/Ancestors/index.jsx","statementMap":{"0":{"start":{"line":16,"column":18},"end":{"line":183,"column":1}},"1":{"start":{"line":17,"column":28},"end":{"line":17,"column":38}},"2":{"start":{"line":18,"column":32},"end":{"line":18,"column":47}},"3":{"start":{"line":19,"column":34},"end":{"line":19,"column":48}},"4":{"start":{"line":20,"column":30},"end":{"line":20,"column":45}},"5":{"start":{"line":21,"column":18},"end":{"line":21,"column":41}},"6":{"start":{"line":23,"column":24},"end":{"line":23,"column":32}},"7":{"start":{"line":26,"column":22},"end":{"line":30,"column":4}},"8":{"start":{"line":27,"column":4},"end":{"line":29,"column":5}},"9":{"start":{"line":28,"column":6},"end":{"line":28,"column":32}},"10":{"start":{"line":33,"column":2},"end":{"line":37,"column":26}},"11":{"start":{"line":34,"column":4},"end":{"line":36,"column":5}},"12":{"start":{"line":35,"column":6},"end":{"line":35,"column":32}},"13":{"start":{"line":39,"column":30},"end":{"line":44,"column":3}},"14":{"start":{"line":40,"column":4},"end":{"line":40,"column":24}},"15":{"start":{"line":41,"column":28},"end":{"line":41,"column":83}},"16":{"start":{"line":42,"column":4},"end":{"line":42,"column":21}},"17":{"start":{"line":43,"column":4},"end":{"line":43,"column":33}},"18":{"start":{"line":46,"column":24},"end":{"line":54,"column":3}},"19":{"start":{"line":47,"column":4},"end":{"line":47,"column":32}},"20":{"start":{"line":48,"column":4},"end":{"line":48,"column":46}},"21":{"start":{"line":49,"column":4},"end":{"line":49,"column":43}},"22":{"start":{"line":50,"column":4},"end":{"line":50,"column":32}},"23":{"start":{"line":51,"column":4},"end":{"line":53,"column":7}},"24":{"start":{"line":52,"column":6},"end":{"line":52,"column":67}},"25":{"start":{"line":56,"column":16},"end":{"line":75,"column":3}},"26":{"start":{"line":57,"column":19},"end":{"line":57,"column":63}},"27":{"start":{"line":58,"column":5},"end":{"line":58,"column":35}},"28":{"start":{"line":59,"column":5},"end":{"line":59,"column":29}},"29":{"start":{"line":60,"column":5},"end":{"line":60,"column":29}},"30":{"start":{"line":61,"column":5},"end":{"line":61,"column":39}},"31":{"start":{"line":62,"column":5},"end":{"line":62,"column":39}},"32":{"start":{"line":63,"column":5},"end":{"line":63,"column":36}},"33":{"start":{"line":64,"column":5},"end":{"line":64,"column":35}},"34":{"start":{"line":65,"column":5},"end":{"line":65,"column":36}},"35":{"start":{"line":66,"column":5},"end":{"line":66,"column":37}},"36":{"start":{"line":67,"column":5},"end":{"line":67,"column":37}},"37":{"start":{"line":68,"column":5},"end":{"line":68,"column":38}},"38":{"start":{"line":69,"column":5},"end":{"line":74,"column":7}},"39":{"start":{"line":77,"column":21},"end":{"line":154,"column":3}},"40":{"start":{"line":78,"column":4},"end":{"line":153,"column":6}},"41":{"start":{"line":87,"column":31},"end":{"line":87,"column":48}},"42":{"start":{"line":142,"column":10},"end":{"line":148,"column":18}},"43":{"start":{"line":145,"column":28},"end":{"line":145,"column":50}},"44":{"start":{"line":156,"column":2},"end":{"line":181,"column":4}}},"fnMap":{"0":{"name":"(anonymous_0)","decl":{"start":{"line":16,"column":18},"end":{"line":16,"column":19}},"loc":{"start":{"line":16,"column":24},"end":{"line":183,"column":1}},"line":16},"1":{"name":"(anonymous_1)","decl":{"start":{"line":26,"column":45},"end":{"line":26,"column":46}},"loc":{"start":{"line":26,"column":57},"end":{"line":30,"column":3}},"line":26},"2":{"name":"(anonymous_2)","decl":{"start":{"line":33,"column":18},"end":{"line":33,"column":19}},"loc":{"start":{"line":33,"column":24},"end":{"line":37,"column":3}},"line":33},"3":{"name":"(anonymous_3)","decl":{"start":{"line":39,"column":30},"end":{"line":39,"column":31}},"loc":{"start":{"line":39,"column":37},"end":{"line":44,"column":3}},"line":39},"4":{"name":"(anonymous_4)","decl":{"start":{"line":46,"column":24},"end":{"line":46,"column":25}},"loc":{"start":{"line":46,"column":32},"end":{"line":54,"column":3}},"line":46},"5":{"name":"(anonymous_5)","decl":{"start":{"line":51,"column":44},"end":{"line":51,"column":45}},"loc":{"start":{"line":51,"column":50},"end":{"line":53,"column":5}},"line":51},"6":{"name":"(anonymous_6)","decl":{"start":{"line":56,"column":16},"end":{"line":56,"column":17}},"loc":{"start":{"line":56,"column":22},"end":{"line":75,"column":3}},"line":56},"7":{"name":"(anonymous_7)","decl":{"start":{"line":77,"column":21},"end":{"line":77,"column":22}},"loc":{"start":{"line":77,"column":27},"end":{"line":154,"column":3}},"line":77},"8":{"name":"(anonymous_8)","decl":{"start":{"line":87,"column":19},"end":{"line":87,"column":20}},"loc":{"start":{"line":87,"column":31},"end":{"line":87,"column":48}},"line":87},"9":{"name":"(anonymous_9)","decl":{"start":{"line":141,"column":23},"end":{"line":141,"column":24}},"loc":{"start":{"line":142,"column":10},"end":{"line":148,"column":18}},"line":142},"10":{"name":"(anonymous_10)","decl":{"start":{"line":145,"column":21},"end":{"line":145,"column":22}},"loc":{"start":{"line":145,"column":28},"end":{"line":145,"column":50}},"line":145}},"branchMap":{"0":{"loc":{"start":{"line":27,"column":4},"end":{"line":29,"column":5}},"type":"if","locations":[{"start":{"line":27,"column":4},"end":{"line":29,"column":5}},{"start":{"line":27,"column":4},"end":{"line":29,"column":5}}],"line":27},"1":{"loc":{"start":{"line":34,"column":4},"end":{"line":36,"column":5}},"type":"if","locations":[{"start":{"line":34,"column":4},"end":{"line":36,"column":5}},{"start":{"line":34,"column":4},"end":{"line":36,"column":5}}],"line":34},"2":{"loc":{"start":{"line":34,"column":8},"end":{"line":34,"column":48}},"type":"binary-expr","locations":[{"start":{"line":34,"column":8},"end":{"line":34,"column":37}},{"start":{"line":34,"column":41},"end":{"line":34,"column":48}}],"line":34},"3":{"loc":{"start":{"line":166,"column":19},"end":{"line":166,"column":50}},"type":"cond-expr","locations":[{"start":{"line":166,"column":28},"end":{"line":166,"column":45}},{"start":{"line":166,"column":48},"end":{"line":166,"column":50}}],"line":166},"4":{"loc":{"start":{"line":178,"column":9},"end":{"line":178,"column":37}},"type":"cond-expr","locations":[{"start":{"line":178,"column":18},"end":{"line":178,"column":24}},{"start":{"line":178,"column":27},"end":{"line":178,"column":37}}],"line":178}},"s":{"0":0,"1":0,"2":0,"3":0,"4":0,"5":0,"6":0,"7":0,"8":0,"9":0,"10":0,"11":0,"12":0,"13":0,"14":0,"15":0,"16":0,"17":0,"18":0,"19":0,"20":0,"21":0,"22":0,"23":0,"24":0,"25":0,"26":0,"27":0,"28":0,"29":0,"30":0,"31":0,"32":0,"33":0,"34":0,"35":0,"36":0,"37":0,"38":0,"39":0,"40":0,"41":0,"42":0,"43":0,"44":0},"f":{"0":0,"1":0,"2":0,"3":0,"4":0,"5":0,"6":0,"7":0,"8":0,"9":0,"10":0},"b":{"0":[0,0],"1":[0,0],"2":[0,0],"3":[0,0],"4":[0,0]},"hash":"46e263ff251d55fad5873c5bddd35ce42409a8b1"}
,"/Users/liencardoen/Code/mamp-root/Integration 4/INT4-Team6/web/www/src/components/Ancestors/indexBackup.jsx": {"path":"/Users/liencardoen/Code/mamp-root/Integration 4/INT4-Team6/web/www/src/components/Ancestors/indexBackup.jsx","statementMap":{"0":{"start":{"line":16,"column":18},"end":{"line":154,"column":1}},"1":{"start":{"line":18,"column":21},"end":{"line":18,"column":29}},"2":{"start":{"line":21,"column":28},"end":{"line":21,"column":38}},"3":{"start":{"line":22,"column":32},"end":{"line":22,"column":47}},"4":{"start":{"line":23,"column":34},"end":{"line":23,"column":48}},"5":{"start":{"line":24,"column":30},"end":{"line":24,"column":45}},"6":{"start":{"line":25,"column":18},"end":{"line":25,"column":41}},"7":{"start":{"line":28,"column":22},"end":{"line":32,"column":4}},"8":{"start":{"line":29,"column":4},"end":{"line":31,"column":5}},"9":{"start":{"line":30,"column":6},"end":{"line":30,"column":32}},"10":{"start":{"line":35,"column":2},"end":{"line":39,"column":26}},"11":{"start":{"line":36,"column":4},"end":{"line":38,"column":5}},"12":{"start":{"line":37,"column":6},"end":{"line":37,"column":32}},"13":{"start":{"line":41,"column":30},"end":{"line":46,"column":3}},"14":{"start":{"line":42,"column":4},"end":{"line":42,"column":24}},"15":{"start":{"line":43,"column":28},"end":{"line":43,"column":83}},"16":{"start":{"line":44,"column":4},"end":{"line":44,"column":21}},"17":{"start":{"line":45,"column":4},"end":{"line":45,"column":33}},"18":{"start":{"line":48,"column":14},"end":{"line":53,"column":3}},"19":{"start":{"line":56,"column":15},"end":{"line":56,"column":34}},"20":{"start":{"line":58,"column":21},"end":{"line":92,"column":4}},"21":{"start":{"line":59,"column":4},"end":{"line":91,"column":6}},"22":{"start":{"line":67,"column":31},"end":{"line":67,"column":58}},"23":{"start":{"line":68,"column":24},"end":{"line":68,"column":50}},"24":{"start":{"line":69,"column":24},"end":{"line":69,"column":44}},"25":{"start":{"line":81,"column":10},"end":{"line":87,"column":18}},"26":{"start":{"line":84,"column":28},"end":{"line":84,"column":50}},"27":{"start":{"line":94,"column":3},"end":{"line":98,"column":27}},"28":{"start":{"line":95,"column":5},"end":{"line":97,"column":6}},"29":{"start":{"line":96,"column":8},"end":{"line":96,"column":34}},"30":{"start":{"line":102,"column":3},"end":{"line":102,"column":27}},"31":{"start":{"line":118,"column":31},"end":{"line":118,"column":42}},"32":{"start":{"line":119,"column":3},"end":{"line":123,"column":10}},"33":{"start":{"line":120,"column":5},"end":{"line":122,"column":7}},"34":{"start":{"line":121,"column":7},"end":{"line":121,"column":47}},"35":{"start":{"line":124,"column":2},"end":{"line":124,"column":31}},"36":{"start":{"line":126,"column":2},"end":{"line":128,"column":5}},"37":{"start":{"line":127,"column":4},"end":{"line":127,"column":25}},"38":{"start":{"line":130,"column":2},"end":{"line":152,"column":4}}},"fnMap":{"0":{"name":"(anonymous_0)","decl":{"start":{"line":16,"column":18},"end":{"line":16,"column":19}},"loc":{"start":{"line":16,"column":24},"end":{"line":154,"column":1}},"line":16},"1":{"name":"(anonymous_1)","decl":{"start":{"line":28,"column":45},"end":{"line":28,"column":46}},"loc":{"start":{"line":28,"column":57},"end":{"line":32,"column":3}},"line":28},"2":{"name":"(anonymous_2)","decl":{"start":{"line":35,"column":18},"end":{"line":35,"column":19}},"loc":{"start":{"line":35,"column":24},"end":{"line":39,"column":3}},"line":35},"3":{"name":"(anonymous_3)","decl":{"start":{"line":41,"column":30},"end":{"line":41,"column":31}},"loc":{"start":{"line":41,"column":37},"end":{"line":46,"column":3}},"line":41},"4":{"name":"(anonymous_4)","decl":{"start":{"line":58,"column":32},"end":{"line":58,"column":33}},"loc":{"start":{"line":58,"column":54},"end":{"line":92,"column":3}},"line":58},"5":{"name":"(anonymous_5)","decl":{"start":{"line":67,"column":19},"end":{"line":67,"column":20}},"loc":{"start":{"line":67,"column":31},"end":{"line":67,"column":58}},"line":67},"6":{"name":"(anonymous_6)","decl":{"start":{"line":68,"column":17},"end":{"line":68,"column":18}},"loc":{"start":{"line":68,"column":24},"end":{"line":68,"column":50}},"line":68},"7":{"name":"(anonymous_7)","decl":{"start":{"line":69,"column":17},"end":{"line":69,"column":18}},"loc":{"start":{"line":69,"column":24},"end":{"line":69,"column":44}},"line":69},"8":{"name":"(anonymous_8)","decl":{"start":{"line":80,"column":23},"end":{"line":80,"column":24}},"loc":{"start":{"line":81,"column":10},"end":{"line":87,"column":18}},"line":81},"9":{"name":"(anonymous_9)","decl":{"start":{"line":84,"column":21},"end":{"line":84,"column":22}},"loc":{"start":{"line":84,"column":28},"end":{"line":84,"column":50}},"line":84},"10":{"name":"(anonymous_10)","decl":{"start":{"line":94,"column":19},"end":{"line":94,"column":20}},"loc":{"start":{"line":94,"column":25},"end":{"line":98,"column":4}},"line":94},"11":{"name":"(anonymous_11)","decl":{"start":{"line":119,"column":13},"end":{"line":119,"column":14}},"loc":{"start":{"line":119,"column":19},"end":{"line":123,"column":4}},"line":119},"12":{"name":"(anonymous_12)","decl":{"start":{"line":120,"column":23},"end":{"line":120,"column":24}},"loc":{"start":{"line":120,"column":29},"end":{"line":122,"column":6}},"line":120},"13":{"name":"(anonymous_13)","decl":{"start":{"line":126,"column":36},"end":{"line":126,"column":37}},"loc":{"start":{"line":126,"column":48},"end":{"line":128,"column":3}},"line":126}},"branchMap":{"0":{"loc":{"start":{"line":29,"column":4},"end":{"line":31,"column":5}},"type":"if","locations":[{"start":{"line":29,"column":4},"end":{"line":31,"column":5}},{"start":{"line":29,"column":4},"end":{"line":31,"column":5}}],"line":29},"1":{"loc":{"start":{"line":36,"column":4},"end":{"line":38,"column":5}},"type":"if","locations":[{"start":{"line":36,"column":4},"end":{"line":38,"column":5}},{"start":{"line":36,"column":4},"end":{"line":38,"column":5}}],"line":36},"2":{"loc":{"start":{"line":36,"column":8},"end":{"line":36,"column":48}},"type":"binary-expr","locations":[{"start":{"line":36,"column":8},"end":{"line":36,"column":37}},{"start":{"line":36,"column":41},"end":{"line":36,"column":48}}],"line":36},"3":{"loc":{"start":{"line":95,"column":5},"end":{"line":97,"column":6}},"type":"if","locations":[{"start":{"line":95,"column":5},"end":{"line":97,"column":6}},{"start":{"line":95,"column":5},"end":{"line":97,"column":6}}],"line":95},"4":{"loc":{"start":{"line":95,"column":9},"end":{"line":95,"column":49}},"type":"binary-expr","locations":[{"start":{"line":95,"column":9},"end":{"line":95,"column":38}},{"start":{"line":95,"column":42},"end":{"line":95,"column":49}}],"line":95},"5":{"loc":{"start":{"line":149,"column":9},"end":{"line":149,"column":37}},"type":"cond-expr","locations":[{"start":{"line":149,"column":18},"end":{"line":149,"column":24}},{"start":{"line":149,"column":27},"end":{"line":149,"column":37}}],"line":149}},"s":{"0":0,"1":0,"2":0,"3":0,"4":0,"5":0,"6":0,"7":0,"8":0,"9":0,"10":0,"11":0,"12":0,"13":0,"14":0,"15":0,"16":0,"17":0,"18":0,"19":0,"20":0,"21":0,"22":0,"23":0,"24":0,"25":0,"26":0,"27":0,"28":0,"29":0,"30":0,"31":0,"32":0,"33":0,"34":0,"35":0,"36":0,"37":0,"38":0},"f":{"0":0,"1":0,"2":0,"3":0,"4":0,"5":0,"6":0,"7":0,"8":0,"9":0,"10":0,"11":0,"12":0,"13":0},"b":{"0":[0,0],"1":[0,0],"2":[0,0],"3":[0,0],"4":[0,0],"5":[0,0]},"hash":"82bb3b4f328de732215c06753625cd2e49771279"}
,"/Users/liencardoen/Code/mamp-root/Integration 4/INT4-Team6/web/www/src/components/Ancestors/line.jsx": {"path":"/Users/liencardoen/Code/mamp-root/Integration 4/INT4-Team6/web/www/src/components/Ancestors/line.jsx","statementMap":{"0":{"start":{"line":5,"column":13},"end":{"line":20,"column":1}},"1":{"start":{"line":6,"column":18},"end":{"line":9,"column":5}},"2":{"start":{"line":7,"column":12},"end":{"line":7,"column":82}},"3":{"start":{"line":7,"column":57},"end":{"line":7,"column":80}},"4":{"start":{"line":10,"column":16},"end":{"line":10,"column":91}},"5":{"start":{"line":10,"column":38},"end":{"line":10,"column":81}},"6":{"start":{"line":12,"column":2},"end":{"line":19,"column":4}}},"fnMap":{"0":{"name":"(anonymous_0)","decl":{"start":{"line":5,"column":13},"end":{"line":5,"column":14}},"loc":{"start":{"line":5,"column":27},"end":{"line":20,"column":1}},"line":5},"1":{"name":"(anonymous_1)","decl":{"start":{"line":7,"column":6},"end":{"line":7,"column":7}},"loc":{"start":{"line":7,"column":12},"end":{"line":7,"column":82}},"line":7},"2":{"name":"(anonymous_2)","decl":{"start":{"line":7,"column":50},"end":{"line":7,"column":51}},"loc":{"start":{"line":7,"column":57},"end":{"line":7,"column":80}},"line":7},"3":{"name":"(anonymous_3)","decl":{"start":{"line":10,"column":26},"end":{"line":10,"column":27}},"loc":{"start":{"line":10,"column":38},"end":{"line":10,"column":81}},"line":10}},"branchMap":{},"s":{"0":0,"1":0,"2":0,"3":0,"4":0,"5":0,"6":0},"f":{"0":0,"1":0,"2":0,"3":0},"b":{},"hash":"1e5500ef71fcbf55e479a63b413c47319fda2c5b"}
,"/Users/liencardoen/Code/mamp-root/Integration 4/INT4-Team6/web/www/src/components/Bookmark/index.jsx": {"path":"/Users/liencardoen/Code/mamp-root/Integration 4/INT4-Team6/web/www/src/components/Bookmark/index.jsx","statementMap":{"0":{"start":{"line":7,"column":17},"end":{"line":35,"column":1}},"1":{"start":{"line":9,"column":20},"end":{"line":9,"column":53}},"2":{"start":{"line":11,"column":4},"end":{"line":34,"column":7}},"3":{"start":{"line":12,"column":6},"end":{"line":33,"column":9}},"4":{"start":{"line":37,"column":0},"end":{"line":39,"column":2}}},"fnMap":{"0":{"name":"(anonymous_0)","decl":{"start":{"line":7,"column":17},"end":{"line":7,"column":18}},"loc":{"start":{"line":7,"column":33},"end":{"line":35,"column":1}},"line":7},"1":{"name":"(anonymous_1)","decl":{"start":{"line":11,"column":23},"end":{"line":11,"column":24}},"loc":{"start":{"line":12,"column":6},"end":{"line":33,"column":9}},"line":12}},"branchMap":{},"s":{"0":0,"1":0,"2":0,"3":0,"4":0},"f":{"0":0,"1":0},"b":{},"hash":"792fbfe107ed6c30d98fc2af92621f91043f1377"}
,"/Users/liencardoen/Code/mamp-root/Integration 4/INT4-Team6/web/www/src/components/Bookmarks/index.jsx": {"path":"/Users/liencardoen/Code/mamp-root/Integration 4/INT4-Team6/web/www/src/components/Bookmarks/index.jsx","statementMap":{"0":{"start":{"line":11,"column":19},"end":{"line":113,"column":2}},"1":{"start":{"line":13,"column":24},"end":{"line":13,"column":33}},"2":{"start":{"line":14,"column":23},"end":{"line":14,"column":31}},"3":{"start":{"line":15,"column":26},"end":{"line":15,"column":36}},"4":{"start":{"line":17,"column":28},"end":{"line":17,"column":38}},"5":{"start":{"line":19,"column":36},"end":{"line":19,"column":55}},"6":{"start":{"line":20,"column":28},"end":{"line":20,"column":51}},"7":{"start":{"line":22,"column":2},"end":{"line":39,"column":47}},"8":{"start":{"line":23,"column":26},"end":{"line":37,"column":5}},"9":{"start":{"line":24,"column":6},"end":{"line":36,"column":7}},"10":{"start":{"line":25,"column":8},"end":{"line":25,"column":47}},"11":{"start":{"line":26,"column":8},"end":{"line":29,"column":9}},"12":{"start":{"line":27,"column":10},"end":{"line":27,"column":33}},"13":{"start":{"line":28,"column":10},"end":{"line":28,"column":17}},"14":{"start":{"line":30,"column":8},"end":{"line":30,"column":46}},"15":{"start":{"line":31,"column":8},"end":{"line":31,"column":31}},"16":{"start":{"line":33,"column":8},"end":{"line":35,"column":9}},"17":{"start":{"line":34,"column":10},"end":{"line":34,"column":36}},"18":{"start":{"line":38,"column":4},"end":{"line":38,"column":20}},"19":{"start":{"line":41,"column":3},"end":{"line":112,"column":6}},"20":{"start":{"line":43,"column":4},"end":{"line":50,"column":5}},"21":{"start":{"line":44,"column":6},"end":{"line":49,"column":7}},"22":{"start":{"line":52,"column":4},"end":{"line":111,"column":5}},"23":{"start":{"line":68,"column":17},"end":{"line":70,"column":22}}},"fnMap":{"0":{"name":"(anonymous_0)","decl":{"start":{"line":11,"column":19},"end":{"line":11,"column":20}},"loc":{"start":{"line":11,"column":25},"end":{"line":113,"column":2}},"line":11},"1":{"name":"(anonymous_1)","decl":{"start":{"line":22,"column":12},"end":{"line":22,"column":13}},"loc":{"start":{"line":22,"column":18},"end":{"line":39,"column":3}},"line":22},"2":{"name":"(anonymous_2)","decl":{"start":{"line":23,"column":26},"end":{"line":23,"column":27}},"loc":{"start":{"line":23,"column":38},"end":{"line":37,"column":5}},"line":23},"3":{"name":"(anonymous_3)","decl":{"start":{"line":41,"column":22},"end":{"line":41,"column":23}},"loc":{"start":{"line":41,"column":28},"end":{"line":112,"column":4}},"line":41},"4":{"name":"(anonymous_4)","decl":{"start":{"line":67,"column":44},"end":{"line":67,"column":45}},"loc":{"start":{"line":68,"column":17},"end":{"line":70,"column":22}},"line":68}},"branchMap":{"0":{"loc":{"start":{"line":26,"column":8},"end":{"line":29,"column":9}},"type":"if","locations":[{"start":{"line":26,"column":8},"end":{"line":29,"column":9}},{"start":{"line":26,"column":8},"end":{"line":29,"column":9}}],"line":26},"1":{"loc":{"start":{"line":33,"column":8},"end":{"line":35,"column":9}},"type":"if","locations":[{"start":{"line":33,"column":8},"end":{"line":35,"column":9}},{"start":{"line":33,"column":8},"end":{"line":35,"column":9}}],"line":33},"2":{"loc":{"start":{"line":33,"column":12},"end":{"line":33,"column":59}},"type":"binary-expr","locations":[{"start":{"line":33,"column":12},"end":{"line":33,"column":26}},{"start":{"line":33,"column":30},"end":{"line":33,"column":59}}],"line":33},"3":{"loc":{"start":{"line":43,"column":4},"end":{"line":50,"column":5}},"type":"if","locations":[{"start":{"line":43,"column":4},"end":{"line":50,"column":5}},{"start":{"line":43,"column":4},"end":{"line":50,"column":5}}],"line":43},"4":{"loc":{"start":{"line":60,"column":10},"end":{"line":108,"column":10}},"type":"cond-expr","locations":[{"start":{"line":61,"column":11},"end":{"line":85,"column":21}},{"start":{"line":87,"column":11},"end":{"line":107,"column":21}}],"line":60}},"s":{"0":0,"1":0,"2":0,"3":0,"4":0,"5":0,"6":0,"7":0,"8":0,"9":0,"10":0,"11":0,"12":0,"13":0,"14":0,"15":0,"16":0,"17":0,"18":0,"19":0,"20":0,"21":0,"22":0,"23":0},"f":{"0":0,"1":0,"2":0,"3":0,"4":0},"b":{"0":[0,0],"1":[0,0],"2":[0,0],"3":[0,0],"4":[0,0]},"hash":"3d344023e294e7e4e0a52facb1c956df06cbda01"}
,"/Users/liencardoen/Code/mamp-root/Integration 4/INT4-Team6/web/www/src/components/Button/index.jsx": {"path":"/Users/liencardoen/Code/mamp-root/Integration 4/INT4-Team6/web/www/src/components/Button/index.jsx","statementMap":{"0":{"start":{"line":6,"column":15},"end":{"line":12,"column":1}},"1":{"start":{"line":7,"column":2},"end":{"line":11,"column":4}},"2":{"start":{"line":14,"column":0},"end":{"line":17,"column":2}}},"fnMap":{"0":{"name":"(anonymous_0)","decl":{"start":{"line":6,"column":15},"end":{"line":6,"column":16}},"loc":{"start":{"line":6,"column":33},"end":{"line":12,"column":1}},"line":6}},"branchMap":{},"s":{"0":0,"1":0,"2":0},"f":{"0":0},"b":{},"hash":"dac8afb25b594959d44910aa65e90b050ccea094"}
,"/Users/liencardoen/Code/mamp-root/Integration 4/INT4-Team6/web/www/src/components/Controls/index.js": {"path":"/Users/liencardoen/Code/mamp-root/Integration 4/INT4-Team6/web/www/src/components/Controls/index.js","statementMap":{"0":{"start":{"line":6,"column":0},"end":{"line":6,"column":30}},"1":{"start":{"line":8,"column":17},"end":{"line":40,"column":1}},"2":{"start":{"line":9,"column":21},"end":{"line":9,"column":35}},"3":{"start":{"line":10,"column":27},"end":{"line":10,"column":37}},"4":{"start":{"line":12,"column":17},"end":{"line":12,"column":45}},"5":{"start":{"line":13,"column":17},"end":{"line":13,"column":44}},"6":{"start":{"line":14,"column":14},"end":{"line":14,"column":33}},"7":{"start":{"line":16,"column":4},"end":{"line":22,"column":7}},"8":{"start":{"line":17,"column":6},"end":{"line":17,"column":32}},"9":{"start":{"line":18,"column":6},"end":{"line":18,"column":40}},"10":{"start":{"line":19,"column":6},"end":{"line":19,"column":52}},"11":{"start":{"line":20,"column":6},"end":{"line":20,"column":39}},"12":{"start":{"line":21,"column":6},"end":{"line":21,"column":31}},"13":{"start":{"line":24,"column":4},"end":{"line":39,"column":6}}},"fnMap":{"0":{"name":"(anonymous_0)","decl":{"start":{"line":8,"column":17},"end":{"line":8,"column":18}},"loc":{"start":{"line":8,"column":26},"end":{"line":40,"column":1}},"line":8},"1":{"name":"(anonymous_1)","decl":{"start":{"line":16,"column":13},"end":{"line":16,"column":14}},"loc":{"start":{"line":16,"column":19},"end":{"line":22,"column":5}},"line":16}},"branchMap":{},"s":{"0":0,"1":0,"2":0,"3":0,"4":0,"5":0,"6":0,"7":0,"8":0,"9":0,"10":0,"11":0,"12":0,"13":0},"f":{"0":0,"1":0},"b":{},"hash":"8aa03ef9f527d1b56d22420345c0f98570eec7f6"}
,"/Users/liencardoen/Code/mamp-root/Integration 4/INT4-Team6/web/www/src/components/Dashboard/index.jsx": {"path":"/Users/liencardoen/Code/mamp-root/Integration 4/INT4-Team6/web/www/src/components/Dashboard/index.jsx","statementMap":{"0":{"start":{"line":8,"column":18},"end":{"line":65,"column":1}},"1":{"start":{"line":10,"column":14},"end":{"line":10,"column":38}},"2":{"start":{"line":12,"column":2},"end":{"line":64,"column":5}},"3":{"start":{"line":13,"column":4},"end":{"line":63,"column":7}}},"fnMap":{"0":{"name":"(anonymous_0)","decl":{"start":{"line":8,"column":18},"end":{"line":8,"column":19}},"loc":{"start":{"line":8,"column":24},"end":{"line":65,"column":1}},"line":8},"1":{"name":"(anonymous_1)","decl":{"start":{"line":12,"column":21},"end":{"line":12,"column":22}},"loc":{"start":{"line":13,"column":4},"end":{"line":63,"column":7}},"line":13}},"branchMap":{"0":{"loc":{"start":{"line":19,"column":14},"end":{"line":21,"column":83}},"type":"cond-expr","locations":[{"start":{"line":20,"column":18},"end":{"line":20,"column":83}},{"start":{"line":21,"column":18},"end":{"line":21,"column":83}}],"line":19}},"s":{"0":0,"1":0,"2":0,"3":0},"f":{"0":0,"1":0},"b":{"0":[0,0]},"hash":"4a94f83625f3deb71999e9af5ba031b60ab41627"}
,"/Users/liencardoen/Code/mamp-root/Integration 4/INT4-Team6/web/www/src/components/Detail/detailOne.jsx": {"path":"/Users/liencardoen/Code/mamp-root/Integration 4/INT4-Team6/web/www/src/components/Detail/detailOne.jsx","statementMap":{"0":{"start":{"line":12,"column":18},"end":{"line":353,"column":1}},"1":{"start":{"line":14,"column":17},"end":{"line":14,"column":28}},"2":{"start":{"line":15,"column":63},"end":{"line":15,"column":73}},"3":{"start":{"line":17,"column":22},"end":{"line":17,"column":30}},"4":{"start":{"line":20,"column":24},"end":{"line":20,"column":32}},"5":{"start":{"line":21,"column":24},"end":{"line":21,"column":32}},"6":{"start":{"line":23,"column":21},"end":{"line":23,"column":23}},"7":{"start":{"line":24,"column":2},"end":{"line":24,"column":43}},"8":{"start":{"line":25,"column":2},"end":{"line":25,"column":43}},"9":{"start":{"line":26,"column":2},"end":{"line":26,"column":28}},"10":{"start":{"line":31,"column":24},"end":{"line":31,"column":33}},"11":{"start":{"line":32,"column":31},"end":{"line":32,"column":45}},"12":{"start":{"line":33,"column":23},"end":{"line":33,"column":36}},"13":{"start":{"line":35,"column":34},"end":{"line":35,"column":53}},"14":{"start":{"line":36,"column":34},"end":{"line":36,"column":53}},"15":{"start":{"line":37,"column":44},"end":{"line":37,"column":63}},"16":{"start":{"line":38,"column":40},"end":{"line":38,"column":59}},"17":{"start":{"line":39,"column":28},"end":{"line":39,"column":51}},"18":{"start":{"line":41,"column":2},"end":{"line":70,"column":86}},"19":{"start":{"line":42,"column":25},"end":{"line":68,"column":5}},"20":{"start":{"line":43,"column":6},"end":{"line":66,"column":7}},"21":{"start":{"line":44,"column":12},"end":{"line":44,"column":51}},"22":{"start":{"line":45,"column":12},"end":{"line":45,"column":51}},"23":{"start":{"line":46,"column":31},"end":{"line":46,"column":43}},"24":{"start":{"line":47,"column":29},"end":{"line":47,"column":73}},"25":{"start":{"line":48,"column":39},"end":{"line":48,"column":88}},"26":{"start":{"line":49,"column":12},"end":{"line":52,"column":13}},"27":{"start":{"line":50,"column":14},"end":{"line":50,"column":45}},"28":{"start":{"line":51,"column":14},"end":{"line":51,"column":21}},"29":{"start":{"line":53,"column":12},"end":{"line":55,"column":13}},"30":{"start":{"line":54,"column":14},"end":{"line":54,"column":46}},"31":{"start":{"line":56,"column":12},"end":{"line":56,"column":34}},"32":{"start":{"line":57,"column":34},"end":{"line":57,"column":79}},"33":{"start":{"line":58,"column":32},"end":{"line":58,"column":75}},"34":{"start":{"line":59,"column":12},"end":{"line":59,"column":44}},"35":{"start":{"line":60,"column":12},"end":{"line":60,"column":40}},"36":{"start":{"line":61,"column":12},"end":{"line":61,"column":35}},"37":{"start":{"line":63,"column":8},"end":{"line":65,"column":9}},"38":{"start":{"line":64,"column":10},"end":{"line":64,"column":41}},"39":{"start":{"line":69,"column":4},"end":{"line":69,"column":21}},"40":{"start":{"line":73,"column":30},"end":{"line":93,"column":3}},"41":{"start":{"line":74,"column":4},"end":{"line":74,"column":35}},"42":{"start":{"line":75,"column":4},"end":{"line":75,"column":90}},"43":{"start":{"line":77,"column":4},"end":{"line":92,"column":5}},"44":{"start":{"line":78,"column":33},"end":{"line":82,"column":8}},"45":{"start":{"line":83,"column":6},"end":{"line":83,"column":40}},"46":{"start":{"line":84,"column":6},"end":{"line":84,"column":44}},"47":{"start":{"line":85,"column":6},"end":{"line":85,"column":57}},"48":{"start":{"line":86,"column":6},"end":{"line":86,"column":55}},"49":{"start":{"line":88,"column":6},"end":{"line":88,"column":30}},"50":{"start":{"line":89,"column":6},"end":{"line":89,"column":31}},"51":{"start":{"line":90,"column":6},"end":{"line":90,"column":59}},"52":{"start":{"line":91,"column":6},"end":{"line":91,"column":57}},"53":{"start":{"line":95,"column":3},"end":{"line":109,"column":6}},"54":{"start":{"line":96,"column":21},"end":{"line":96,"column":60}},"55":{"start":{"line":98,"column":5},"end":{"line":108,"column":8}},"56":{"start":{"line":101,"column":7},"end":{"line":101,"column":25}},"57":{"start":{"line":111,"column":2},"end":{"line":352,"column":5}},"58":{"start":{"line":112,"column":4},"end":{"line":114,"column":5}},"59":{"start":{"line":113,"column":6},"end":{"line":113,"column":35}},"60":{"start":{"line":115,"column":4},"end":{"line":117,"column":5}},"61":{"start":{"line":116,"column":6},"end":{"line":116,"column":25}},"62":{"start":{"line":119,"column":4},"end":{"line":351,"column":6}}},"fnMap":{"0":{"name":"(anonymous_0)","decl":{"start":{"line":12,"column":18},"end":{"line":12,"column":19}},"loc":{"start":{"line":12,"column":24},"end":{"line":353,"column":1}},"line":12},"1":{"name":"(anonymous_1)","decl":{"start":{"line":41,"column":12},"end":{"line":41,"column":13}},"loc":{"start":{"line":41,"column":18},"end":{"line":70,"column":3}},"line":41},"2":{"name":"(anonymous_2)","decl":{"start":{"line":42,"column":25},"end":{"line":42,"column":26}},"loc":{"start":{"line":42,"column":39},"end":{"line":68,"column":5}},"line":42},"3":{"name":"(anonymous_3)","decl":{"start":{"line":73,"column":30},"end":{"line":73,"column":31}},"loc":{"start":{"line":73,"column":42},"end":{"line":93,"column":3}},"line":73},"4":{"name":"(anonymous_4)","decl":{"start":{"line":95,"column":37},"end":{"line":95,"column":38}},"loc":{"start":{"line":95,"column":43},"end":{"line":109,"column":4}},"line":95},"5":{"name":"(anonymous_5)","decl":{"start":{"line":98,"column":26},"end":{"line":98,"column":27}},"loc":{"start":{"line":98,"column":34},"end":{"line":108,"column":6}},"line":98},"6":{"name":"(anonymous_6)","decl":{"start":{"line":111,"column":21},"end":{"line":111,"column":22}},"loc":{"start":{"line":111,"column":27},"end":{"line":352,"column":3}},"line":111}},"branchMap":{"0":{"loc":{"start":{"line":49,"column":12},"end":{"line":52,"column":13}},"type":"if","locations":[{"start":{"line":49,"column":12},"end":{"line":52,"column":13}},{"start":{"line":49,"column":12},"end":{"line":52,"column":13}}],"line":49},"1":{"loc":{"start":{"line":53,"column":12},"end":{"line":55,"column":13}},"type":"if","locations":[{"start":{"line":53,"column":12},"end":{"line":55,"column":13}},{"start":{"line":53,"column":12},"end":{"line":55,"column":13}}],"line":53},"2":{"loc":{"start":{"line":63,"column":8},"end":{"line":65,"column":9}},"type":"if","locations":[{"start":{"line":63,"column":8},"end":{"line":65,"column":9}},{"start":{"line":63,"column":8},"end":{"line":65,"column":9}}],"line":63},"3":{"loc":{"start":{"line":63,"column":12},"end":{"line":63,"column":59}},"type":"binary-expr","locations":[{"start":{"line":63,"column":12},"end":{"line":63,"column":26}},{"start":{"line":63,"column":30},"end":{"line":63,"column":59}}],"line":63},"4":{"loc":{"start":{"line":77,"column":4},"end":{"line":92,"column":5}},"type":"if","locations":[{"start":{"line":77,"column":4},"end":{"line":92,"column":5}},{"start":{"line":77,"column":4},"end":{"line":92,"column":5}}],"line":77},"5":{"loc":{"start":{"line":112,"column":4},"end":{"line":114,"column":5}},"type":"if","locations":[{"start":{"line":112,"column":4},"end":{"line":114,"column":5}},{"start":{"line":112,"column":4},"end":{"line":114,"column":5}}],"line":112},"6":{"loc":{"start":{"line":115,"column":4},"end":{"line":117,"column":5}},"type":"if","locations":[{"start":{"line":115,"column":4},"end":{"line":117,"column":5}},{"start":{"line":115,"column":4},"end":{"line":117,"column":5}}],"line":115},"7":{"loc":{"start":{"line":131,"column":13},"end":{"line":145,"column":13}},"type":"cond-expr","locations":[{"start":{"line":132,"column":14},"end":{"line":137,"column":16}},{"start":{"line":139,"column":14},"end":{"line":144,"column":16}}],"line":131},"8":{"loc":{"start":{"line":168,"column":12},"end":{"line":168,"column":69}},"type":"cond-expr","locations":[{"start":{"line":168,"column":23},"end":{"line":168,"column":43}},{"start":{"line":168,"column":46},"end":{"line":168,"column":69}}],"line":168}},"s":{"0":0,"1":0,"2":0,"3":0,"4":0,"5":0,"6":0,"7":0,"8":0,"9":0,"10":0,"11":0,"12":0,"13":0,"14":0,"15":0,"16":0,"17":0,"18":0,"19":0,"20":0,"21":0,"22":0,"23":0,"24":0,"25":0,"26":0,"27":0,"28":0,"29":0,"30":0,"31":0,"32":0,"33":0,"34":0,"35":0,"36":0,"37":0,"38":0,"39":0,"40":0,"41":0,"42":0,"43":0,"44":0,"45":0,"46":0,"47":0,"48":0,"49":0,"50":0,"51":0,"52":0,"53":0,"54":0,"55":0,"56":0,"57":0,"58":0,"59":0,"60":0,"61":0,"62":0},"f":{"0":0,"1":0,"2":0,"3":0,"4":0,"5":0,"6":0},"b":{"0":[0,0],"1":[0,0],"2":[0,0],"3":[0,0],"4":[0,0],"5":[0,0],"6":[0,0],"7":[0,0],"8":[0,0]},"hash":"cebcfffc76fb1008cd2b451401fc74838f8d189a"}
,"/Users/liencardoen/Code/mamp-root/Integration 4/INT4-Team6/web/www/src/components/Detail/detailOther.jsx": {"path":"/Users/liencardoen/Code/mamp-root/Integration 4/INT4-Team6/web/www/src/components/Detail/detailOther.jsx","statementMap":{"0":{"start":{"line":12,"column":20},"end":{"line":131,"column":1}},"1":{"start":{"line":14,"column":17},"end":{"line":14,"column":28}},"2":{"start":{"line":15,"column":43},"end":{"line":15,"column":53}},"3":{"start":{"line":18,"column":24},"end":{"line":18,"column":33}},"4":{"start":{"line":19,"column":31},"end":{"line":19,"column":45}},"5":{"start":{"line":20,"column":23},"end":{"line":20,"column":36}},"6":{"start":{"line":22,"column":34},"end":{"line":22,"column":53}},"7":{"start":{"line":23,"column":34},"end":{"line":23,"column":53}},"8":{"start":{"line":24,"column":44},"end":{"line":24,"column":63}},"9":{"start":{"line":25,"column":40},"end":{"line":25,"column":59}},"10":{"start":{"line":26,"column":28},"end":{"line":26,"column":51}},"11":{"start":{"line":28,"column":2},"end":{"line":57,"column":86}},"12":{"start":{"line":29,"column":25},"end":{"line":55,"column":5}},"13":{"start":{"line":30,"column":6},"end":{"line":54,"column":7}},"14":{"start":{"line":31,"column":12},"end":{"line":31,"column":51}},"15":{"start":{"line":32,"column":12},"end":{"line":32,"column":51}},"16":{"start":{"line":33,"column":31},"end":{"line":33,"column":43}},"17":{"start":{"line":34,"column":29},"end":{"line":34,"column":73}},"18":{"start":{"line":35,"column":39},"end":{"line":35,"column":88}},"19":{"start":{"line":36,"column":12},"end":{"line":39,"column":13}},"20":{"start":{"line":37,"column":14},"end":{"line":37,"column":45}},"21":{"start":{"line":38,"column":14},"end":{"line":38,"column":21}},"22":{"start":{"line":40,"column":12},"end":{"line":42,"column":13}},"23":{"start":{"line":41,"column":14},"end":{"line":41,"column":46}},"24":{"start":{"line":43,"column":12},"end":{"line":43,"column":34}},"25":{"start":{"line":44,"column":34},"end":{"line":44,"column":79}},"26":{"start":{"line":45,"column":32},"end":{"line":45,"column":75}},"27":{"start":{"line":46,"column":12},"end":{"line":46,"column":44}},"28":{"start":{"line":47,"column":12},"end":{"line":47,"column":40}},"29":{"start":{"line":48,"column":12},"end":{"line":48,"column":35}},"30":{"start":{"line":51,"column":8},"end":{"line":53,"column":9}},"31":{"start":{"line":52,"column":10},"end":{"line":52,"column":41}},"32":{"start":{"line":56,"column":6},"end":{"line":56,"column":23}},"33":{"start":{"line":61,"column":2},"end":{"line":130,"column":5}},"34":{"start":{"line":62,"column":4},"end":{"line":64,"column":5}},"35":{"start":{"line":63,"column":6},"end":{"line":63,"column":35}},"36":{"start":{"line":65,"column":4},"end":{"line":67,"column":5}},"37":{"start":{"line":66,"column":6},"end":{"line":66,"column":24}},"38":{"start":{"line":69,"column":4},"end":{"line":129,"column":6}}},"fnMap":{"0":{"name":"(anonymous_0)","decl":{"start":{"line":12,"column":20},"end":{"line":12,"column":21}},"loc":{"start":{"line":12,"column":26},"end":{"line":131,"column":1}},"line":12},"1":{"name":"(anonymous_1)","decl":{"start":{"line":28,"column":12},"end":{"line":28,"column":13}},"loc":{"start":{"line":28,"column":18},"end":{"line":57,"column":3}},"line":28},"2":{"name":"(anonymous_2)","decl":{"start":{"line":29,"column":25},"end":{"line":29,"column":26}},"loc":{"start":{"line":29,"column":39},"end":{"line":55,"column":5}},"line":29},"3":{"name":"(anonymous_3)","decl":{"start":{"line":61,"column":21},"end":{"line":61,"column":22}},"loc":{"start":{"line":61,"column":27},"end":{"line":130,"column":3}},"line":61}},"branchMap":{"0":{"loc":{"start":{"line":36,"column":12},"end":{"line":39,"column":13}},"type":"if","locations":[{"start":{"line":36,"column":12},"end":{"line":39,"column":13}},{"start":{"line":36,"column":12},"end":{"line":39,"column":13}}],"line":36},"1":{"loc":{"start":{"line":40,"column":12},"end":{"line":42,"column":13}},"type":"if","locations":[{"start":{"line":40,"column":12},"end":{"line":42,"column":13}},{"start":{"line":40,"column":12},"end":{"line":42,"column":13}}],"line":40},"2":{"loc":{"start":{"line":51,"column":8},"end":{"line":53,"column":9}},"type":"if","locations":[{"start":{"line":51,"column":8},"end":{"line":53,"column":9}},{"start":{"line":51,"column":8},"end":{"line":53,"column":9}}],"line":51},"3":{"loc":{"start":{"line":51,"column":12},"end":{"line":51,"column":59}},"type":"binary-expr","locations":[{"start":{"line":51,"column":12},"end":{"line":51,"column":26}},{"start":{"line":51,"column":30},"end":{"line":51,"column":59}}],"line":51},"4":{"loc":{"start":{"line":62,"column":4},"end":{"line":64,"column":5}},"type":"if","locations":[{"start":{"line":62,"column":4},"end":{"line":64,"column":5}},{"start":{"line":62,"column":4},"end":{"line":64,"column":5}}],"line":62},"5":{"loc":{"start":{"line":65,"column":4},"end":{"line":67,"column":5}},"type":"if","locations":[{"start":{"line":65,"column":4},"end":{"line":67,"column":5}},{"start":{"line":65,"column":4},"end":{"line":67,"column":5}}],"line":65}},"s":{"0":0,"1":0,"2":0,"3":0,"4":0,"5":0,"6":0,"7":0,"8":0,"9":0,"10":0,"11":0,"12":0,"13":0,"14":0,"15":0,"16":0,"17":0,"18":0,"19":0,"20":0,"21":0,"22":0,"23":0,"24":0,"25":0,"26":0,"27":0,"28":0,"29":0,"30":0,"31":0,"32":0,"33":0,"34":0,"35":0,"36":0,"37":0,"38":0},"f":{"0":0,"1":0,"2":0,"3":0},"b":{"0":[0,0],"1":[0,0],"2":[0,0],"3":[0,0],"4":[0,0],"5":[0,0]},"hash":"956e391ef8b6e4830f1552c3a9c9410bc0f8bc20"}
,"/Users/liencardoen/Code/mamp-root/Integration 4/INT4-Team6/web/www/src/components/Detail/detailThree.jsx": {"path":"/Users/liencardoen/Code/mamp-root/Integration 4/INT4-Team6/web/www/src/components/Detail/detailThree.jsx","statementMap":{"0":{"start":{"line":12,"column":20},"end":{"line":393,"column":1}},"1":{"start":{"line":13,"column":17},"end":{"line":13,"column":28}},"2":{"start":{"line":14,"column":63},"end":{"line":14,"column":73}},"3":{"start":{"line":16,"column":22},"end":{"line":16,"column":30}},"4":{"start":{"line":19,"column":24},"end":{"line":19,"column":33}},"5":{"start":{"line":20,"column":31},"end":{"line":20,"column":45}},"6":{"start":{"line":21,"column":23},"end":{"line":21,"column":36}},"7":{"start":{"line":23,"column":34},"end":{"line":23,"column":53}},"8":{"start":{"line":24,"column":34},"end":{"line":24,"column":53}},"9":{"start":{"line":25,"column":44},"end":{"line":25,"column":63}},"10":{"start":{"line":26,"column":40},"end":{"line":26,"column":59}},"11":{"start":{"line":27,"column":28},"end":{"line":27,"column":51}},"12":{"start":{"line":29,"column":2},"end":{"line":59,"column":86}},"13":{"start":{"line":30,"column":25},"end":{"line":57,"column":5}},"14":{"start":{"line":31,"column":6},"end":{"line":56,"column":7}},"15":{"start":{"line":32,"column":8},"end":{"line":32,"column":47}},"16":{"start":{"line":33,"column":8},"end":{"line":33,"column":47}},"17":{"start":{"line":34,"column":27},"end":{"line":34,"column":39}},"18":{"start":{"line":35,"column":25},"end":{"line":35,"column":69}},"19":{"start":{"line":36,"column":35},"end":{"line":38,"column":9}},"20":{"start":{"line":39,"column":8},"end":{"line":42,"column":9}},"21":{"start":{"line":40,"column":10},"end":{"line":40,"column":41}},"22":{"start":{"line":41,"column":10},"end":{"line":41,"column":17}},"23":{"start":{"line":43,"column":8},"end":{"line":45,"column":9}},"24":{"start":{"line":44,"column":10},"end":{"line":44,"column":42}},"25":{"start":{"line":46,"column":8},"end":{"line":46,"column":30}},"26":{"start":{"line":47,"column":30},"end":{"line":47,"column":75}},"27":{"start":{"line":48,"column":28},"end":{"line":48,"column":71}},"28":{"start":{"line":49,"column":8},"end":{"line":49,"column":40}},"29":{"start":{"line":50,"column":8},"end":{"line":50,"column":36}},"30":{"start":{"line":51,"column":8},"end":{"line":51,"column":31}},"31":{"start":{"line":53,"column":8},"end":{"line":55,"column":9}},"32":{"start":{"line":54,"column":10},"end":{"line":54,"column":41}},"33":{"start":{"line":58,"column":4},"end":{"line":58,"column":21}},"34":{"start":{"line":62,"column":30},"end":{"line":83,"column":3}},"35":{"start":{"line":63,"column":4},"end":{"line":63,"column":35}},"36":{"start":{"line":64,"column":4},"end":{"line":66,"column":6}},"37":{"start":{"line":67,"column":4},"end":{"line":82,"column":5}},"38":{"start":{"line":68,"column":33},"end":{"line":72,"column":8}},"39":{"start":{"line":73,"column":6},"end":{"line":73,"column":40}},"40":{"start":{"line":74,"column":6},"end":{"line":74,"column":44}},"41":{"start":{"line":75,"column":6},"end":{"line":75,"column":57}},"42":{"start":{"line":76,"column":6},"end":{"line":76,"column":55}},"43":{"start":{"line":78,"column":6},"end":{"line":78,"column":30}},"44":{"start":{"line":79,"column":6},"end":{"line":79,"column":31}},"45":{"start":{"line":80,"column":6},"end":{"line":80,"column":59}},"46":{"start":{"line":81,"column":6},"end":{"line":81,"column":57}},"47":{"start":{"line":85,"column":2},"end":{"line":392,"column":5}},"48":{"start":{"line":86,"column":4},"end":{"line":88,"column":5}},"49":{"start":{"line":87,"column":6},"end":{"line":87,"column":35}},"50":{"start":{"line":89,"column":4},"end":{"line":91,"column":5}},"51":{"start":{"line":90,"column":6},"end":{"line":90,"column":24}},"52":{"start":{"line":93,"column":4},"end":{"line":391,"column":6}}},"fnMap":{"0":{"name":"(anonymous_0)","decl":{"start":{"line":12,"column":20},"end":{"line":12,"column":21}},"loc":{"start":{"line":12,"column":26},"end":{"line":393,"column":1}},"line":12},"1":{"name":"(anonymous_1)","decl":{"start":{"line":29,"column":12},"end":{"line":29,"column":13}},"loc":{"start":{"line":29,"column":18},"end":{"line":59,"column":3}},"line":29},"2":{"name":"(anonymous_2)","decl":{"start":{"line":30,"column":25},"end":{"line":30,"column":26}},"loc":{"start":{"line":30,"column":39},"end":{"line":57,"column":5}},"line":30},"3":{"name":"(anonymous_3)","decl":{"start":{"line":62,"column":30},"end":{"line":62,"column":31}},"loc":{"start":{"line":62,"column":42},"end":{"line":83,"column":3}},"line":62},"4":{"name":"(anonymous_4)","decl":{"start":{"line":85,"column":21},"end":{"line":85,"column":22}},"loc":{"start":{"line":85,"column":27},"end":{"line":392,"column":3}},"line":85}},"branchMap":{"0":{"loc":{"start":{"line":39,"column":8},"end":{"line":42,"column":9}},"type":"if","locations":[{"start":{"line":39,"column":8},"end":{"line":42,"column":9}},{"start":{"line":39,"column":8},"end":{"line":42,"column":9}}],"line":39},"1":{"loc":{"start":{"line":43,"column":8},"end":{"line":45,"column":9}},"type":"if","locations":[{"start":{"line":43,"column":8},"end":{"line":45,"column":9}},{"start":{"line":43,"column":8},"end":{"line":45,"column":9}}],"line":43},"2":{"loc":{"start":{"line":53,"column":8},"end":{"line":55,"column":9}},"type":"if","locations":[{"start":{"line":53,"column":8},"end":{"line":55,"column":9}},{"start":{"line":53,"column":8},"end":{"line":55,"column":9}}],"line":53},"3":{"loc":{"start":{"line":53,"column":12},"end":{"line":53,"column":59}},"type":"binary-expr","locations":[{"start":{"line":53,"column":12},"end":{"line":53,"column":26}},{"start":{"line":53,"column":30},"end":{"line":53,"column":59}}],"line":53},"4":{"loc":{"start":{"line":67,"column":4},"end":{"line":82,"column":5}},"type":"if","locations":[{"start":{"line":67,"column":4},"end":{"line":82,"column":5}},{"start":{"line":67,"column":4},"end":{"line":82,"column":5}}],"line":67},"5":{"loc":{"start":{"line":86,"column":4},"end":{"line":88,"column":5}},"type":"if","locations":[{"start":{"line":86,"column":4},"end":{"line":88,"column":5}},{"start":{"line":86,"column":4},"end":{"line":88,"column":5}}],"line":86},"6":{"loc":{"start":{"line":89,"column":4},"end":{"line":91,"column":5}},"type":"if","locations":[{"start":{"line":89,"column":4},"end":{"line":91,"column":5}},{"start":{"line":89,"column":4},"end":{"line":91,"column":5}}],"line":89},"7":{"loc":{"start":{"line":105,"column":13},"end":{"line":119,"column":13}},"type":"cond-expr","locations":[{"start":{"line":106,"column":14},"end":{"line":111,"column":16}},{"start":{"line":113,"column":14},"end":{"line":118,"column":16}}],"line":105},"8":{"loc":{"start":{"line":139,"column":12},"end":{"line":139,"column":69}},"type":"cond-expr","locations":[{"start":{"line":139,"column":23},"end":{"line":139,"column":43}},{"start":{"line":139,"column":46},"end":{"line":139,"column":69}}],"line":139}},"s":{"0":0,"1":0,"2":0,"3":0,"4":0,"5":0,"6":0,"7":0,"8":0,"9":0,"10":0,"11":0,"12":0,"13":0,"14":0,"15":0,"16":0,"17":0,"18":0,"19":0,"20":0,"21":0,"22":0,"23":0,"24":0,"25":0,"26":0,"27":0,"28":0,"29":0,"30":0,"31":0,"32":0,"33":0,"34":0,"35":0,"36":0,"37":0,"38":0,"39":0,"40":0,"41":0,"42":0,"43":0,"44":0,"45":0,"46":0,"47":0,"48":0,"49":0,"50":0,"51":0,"52":0},"f":{"0":0,"1":0,"2":0,"3":0,"4":0},"b":{"0":[0,0],"1":[0,0],"2":[0,0],"3":[0,0],"4":[0,0],"5":[0,0],"6":[0,0],"7":[0,0],"8":[0,0]},"hash":"378e4b37a780892f07a48087d20fe7a948615c52"}
,"/Users/liencardoen/Code/mamp-root/Integration 4/INT4-Team6/web/www/src/components/Detail/detailTwo.jsx": {"path":"/Users/liencardoen/Code/mamp-root/Integration 4/INT4-Team6/web/www/src/components/Detail/detailTwo.jsx","statementMap":{"0":{"start":{"line":12,"column":18},"end":{"line":291,"column":1}},"1":{"start":{"line":14,"column":17},"end":{"line":14,"column":28}},"2":{"start":{"line":15,"column":63},"end":{"line":15,"column":73}},"3":{"start":{"line":17,"column":22},"end":{"line":17,"column":30}},"4":{"start":{"line":20,"column":24},"end":{"line":20,"column":33}},"5":{"start":{"line":21,"column":31},"end":{"line":21,"column":45}},"6":{"start":{"line":22,"column":23},"end":{"line":22,"column":36}},"7":{"start":{"line":24,"column":34},"end":{"line":24,"column":53}},"8":{"start":{"line":25,"column":34},"end":{"line":25,"column":53}},"9":{"start":{"line":26,"column":44},"end":{"line":26,"column":63}},"10":{"start":{"line":27,"column":40},"end":{"line":27,"column":59}},"11":{"start":{"line":28,"column":28},"end":{"line":28,"column":51}},"12":{"start":{"line":30,"column":2},"end":{"line":60,"column":86}},"13":{"start":{"line":31,"column":25},"end":{"line":58,"column":5}},"14":{"start":{"line":32,"column":6},"end":{"line":57,"column":7}},"15":{"start":{"line":33,"column":8},"end":{"line":33,"column":47}},"16":{"start":{"line":34,"column":8},"end":{"line":34,"column":47}},"17":{"start":{"line":35,"column":27},"end":{"line":35,"column":39}},"18":{"start":{"line":36,"column":25},"end":{"line":36,"column":69}},"19":{"start":{"line":37,"column":35},"end":{"line":39,"column":9}},"20":{"start":{"line":40,"column":8},"end":{"line":43,"column":9}},"21":{"start":{"line":41,"column":10},"end":{"line":41,"column":41}},"22":{"start":{"line":42,"column":10},"end":{"line":42,"column":17}},"23":{"start":{"line":44,"column":8},"end":{"line":46,"column":9}},"24":{"start":{"line":45,"column":10},"end":{"line":45,"column":42}},"25":{"start":{"line":47,"column":8},"end":{"line":47,"column":30}},"26":{"start":{"line":48,"column":30},"end":{"line":48,"column":75}},"27":{"start":{"line":49,"column":28},"end":{"line":49,"column":71}},"28":{"start":{"line":50,"column":8},"end":{"line":50,"column":40}},"29":{"start":{"line":51,"column":8},"end":{"line":51,"column":36}},"30":{"start":{"line":52,"column":8},"end":{"line":52,"column":31}},"31":{"start":{"line":54,"column":8},"end":{"line":56,"column":9}},"32":{"start":{"line":55,"column":10},"end":{"line":55,"column":41}},"33":{"start":{"line":59,"column":4},"end":{"line":59,"column":21}},"34":{"start":{"line":63,"column":30},"end":{"line":84,"column":3}},"35":{"start":{"line":64,"column":4},"end":{"line":64,"column":35}},"36":{"start":{"line":65,"column":4},"end":{"line":67,"column":6}},"37":{"start":{"line":68,"column":4},"end":{"line":83,"column":5}},"38":{"start":{"line":69,"column":33},"end":{"line":73,"column":8}},"39":{"start":{"line":74,"column":6},"end":{"line":74,"column":40}},"40":{"start":{"line":75,"column":6},"end":{"line":75,"column":44}},"41":{"start":{"line":76,"column":6},"end":{"line":76,"column":57}},"42":{"start":{"line":77,"column":6},"end":{"line":77,"column":55}},"43":{"start":{"line":79,"column":6},"end":{"line":79,"column":30}},"44":{"start":{"line":80,"column":6},"end":{"line":80,"column":31}},"45":{"start":{"line":81,"column":6},"end":{"line":81,"column":59}},"46":{"start":{"line":82,"column":6},"end":{"line":82,"column":57}},"47":{"start":{"line":86,"column":2},"end":{"line":290,"column":5}},"48":{"start":{"line":87,"column":4},"end":{"line":89,"column":5}},"49":{"start":{"line":88,"column":6},"end":{"line":88,"column":35}},"50":{"start":{"line":90,"column":4},"end":{"line":92,"column":5}},"51":{"start":{"line":91,"column":6},"end":{"line":91,"column":24}},"52":{"start":{"line":94,"column":4},"end":{"line":289,"column":6}}},"fnMap":{"0":{"name":"(anonymous_0)","decl":{"start":{"line":12,"column":18},"end":{"line":12,"column":19}},"loc":{"start":{"line":12,"column":24},"end":{"line":291,"column":1}},"line":12},"1":{"name":"(anonymous_1)","decl":{"start":{"line":30,"column":12},"end":{"line":30,"column":13}},"loc":{"start":{"line":30,"column":18},"end":{"line":60,"column":3}},"line":30},"2":{"name":"(anonymous_2)","decl":{"start":{"line":31,"column":25},"end":{"line":31,"column":26}},"loc":{"start":{"line":31,"column":39},"end":{"line":58,"column":5}},"line":31},"3":{"name":"(anonymous_3)","decl":{"start":{"line":63,"column":30},"end":{"line":63,"column":31}},"loc":{"start":{"line":63,"column":42},"end":{"line":84,"column":3}},"line":63},"4":{"name":"(anonymous_4)","decl":{"start":{"line":86,"column":21},"end":{"line":86,"column":22}},"loc":{"start":{"line":86,"column":27},"end":{"line":290,"column":3}},"line":86}},"branchMap":{"0":{"loc":{"start":{"line":40,"column":8},"end":{"line":43,"column":9}},"type":"if","locations":[{"start":{"line":40,"column":8},"end":{"line":43,"column":9}},{"start":{"line":40,"column":8},"end":{"line":43,"column":9}}],"line":40},"1":{"loc":{"start":{"line":44,"column":8},"end":{"line":46,"column":9}},"type":"if","locations":[{"start":{"line":44,"column":8},"end":{"line":46,"column":9}},{"start":{"line":44,"column":8},"end":{"line":46,"column":9}}],"line":44},"2":{"loc":{"start":{"line":54,"column":8},"end":{"line":56,"column":9}},"type":"if","locations":[{"start":{"line":54,"column":8},"end":{"line":56,"column":9}},{"start":{"line":54,"column":8},"end":{"line":56,"column":9}}],"line":54},"3":{"loc":{"start":{"line":54,"column":12},"end":{"line":54,"column":59}},"type":"binary-expr","locations":[{"start":{"line":54,"column":12},"end":{"line":54,"column":26}},{"start":{"line":54,"column":30},"end":{"line":54,"column":59}}],"line":54},"4":{"loc":{"start":{"line":68,"column":4},"end":{"line":83,"column":5}},"type":"if","locations":[{"start":{"line":68,"column":4},"end":{"line":83,"column":5}},{"start":{"line":68,"column":4},"end":{"line":83,"column":5}}],"line":68},"5":{"loc":{"start":{"line":87,"column":4},"end":{"line":89,"column":5}},"type":"if","locations":[{"start":{"line":87,"column":4},"end":{"line":89,"column":5}},{"start":{"line":87,"column":4},"end":{"line":89,"column":5}}],"line":87},"6":{"loc":{"start":{"line":90,"column":4},"end":{"line":92,"column":5}},"type":"if","locations":[{"start":{"line":90,"column":4},"end":{"line":92,"column":5}},{"start":{"line":90,"column":4},"end":{"line":92,"column":5}}],"line":90},"7":{"loc":{"start":{"line":106,"column":13},"end":{"line":120,"column":13}},"type":"cond-expr","locations":[{"start":{"line":107,"column":14},"end":{"line":112,"column":16}},{"start":{"line":114,"column":14},"end":{"line":119,"column":16}}],"line":106},"8":{"loc":{"start":{"line":140,"column":12},"end":{"line":140,"column":69}},"type":"cond-expr","locations":[{"start":{"line":140,"column":23},"end":{"line":140,"column":43}},{"start":{"line":140,"column":46},"end":{"line":140,"column":69}}],"line":140}},"s":{"0":0,"1":0,"2":0,"3":0,"4":0,"5":0,"6":0,"7":0,"8":0,"9":0,"10":0,"11":0,"12":0,"13":0,"14":0,"15":0,"16":0,"17":0,"18":0,"19":0,"20":0,"21":0,"22":0,"23":0,"24":0,"25":0,"26":0,"27":0,"28":0,"29":0,"30":0,"31":0,"32":0,"33":0,"34":0,"35":0,"36":0,"37":0,"38":0,"39":0,"40":0,"41":0,"42":0,"43":0,"44":0,"45":0,"46":0,"47":0,"48":0,"49":0,"50":0,"51":0,"52":0},"f":{"0":0,"1":0,"2":0,"3":0,"4":0},"b":{"0":[0,0],"1":[0,0],"2":[0,0],"3":[0,0],"4":[0,0],"5":[0,0],"6":[0,0],"7":[0,0],"8":[0,0]},"hash":"87a1c88bb934aec529e6854c7b609e31be01f6ce"}
,"/Users/liencardoen/Code/mamp-root/Integration 4/INT4-Team6/web/www/src/components/Detail/index.jsx": {"path":"/Users/liencardoen/Code/mamp-root/Integration 4/INT4-Team6/web/www/src/components/Detail/index.jsx","statementMap":{"0":{"start":{"line":11,"column":15},"end":{"line":36,"column":1}},"1":{"start":{"line":13,"column":17},"end":{"line":13,"column":28}},"2":{"start":{"line":14,"column":28},"end":{"line":14,"column":38}},"3":{"start":{"line":15,"column":19},"end":{"line":15,"column":52}},"4":{"start":{"line":17,"column":2},"end":{"line":17,"column":18}},"5":{"start":{"line":18,"column":2},"end":{"line":18,"column":23}},"6":{"start":{"line":20,"column":2},"end":{"line":35,"column":5}},"7":{"start":{"line":21,"column":4},"end":{"line":34,"column":7}},"8":{"start":{"line":24,"column":8},"end":{"line":32,"column":9}},"9":{"start":{"line":25,"column":10},"end":{"line":25,"column":31}},"10":{"start":{"line":26,"column":15},"end":{"line":32,"column":9}},"11":{"start":{"line":27,"column":10},"end":{"line":27,"column":31}},"12":{"start":{"line":28,"column":15},"end":{"line":32,"column":9}},"13":{"start":{"line":29,"column":10},"end":{"line":29,"column":33}},"14":{"start":{"line":31,"column":10},"end":{"line":31,"column":33}}},"fnMap":{"0":{"name":"(anonymous_0)","decl":{"start":{"line":11,"column":15},"end":{"line":11,"column":16}},"loc":{"start":{"line":11,"column":21},"end":{"line":36,"column":1}},"line":11},"1":{"name":"(anonymous_1)","decl":{"start":{"line":20,"column":21},"end":{"line":20,"column":22}},"loc":{"start":{"line":21,"column":4},"end":{"line":34,"column":7}},"line":21},"2":{"name":"(anonymous_2)","decl":{"start":{"line":23,"column":8},"end":{"line":23,"column":9}},"loc":{"start":{"line":23,"column":14},"end":{"line":33,"column":7}},"line":23}},"branchMap":{"0":{"loc":{"start":{"line":24,"column":8},"end":{"line":32,"column":9}},"type":"if","locations":[{"start":{"line":24,"column":8},"end":{"line":32,"column":9}},{"start":{"line":24,"column":8},"end":{"line":32,"column":9}}],"line":24},"1":{"loc":{"start":{"line":26,"column":15},"end":{"line":32,"column":9}},"type":"if","locations":[{"start":{"line":26,"column":15},"end":{"line":32,"column":9}},{"start":{"line":26,"column":15},"end":{"line":32,"column":9}}],"line":26},"2":{"loc":{"start":{"line":28,"column":15},"end":{"line":32,"column":9}},"type":"if","locations":[{"start":{"line":28,"column":15},"end":{"line":32,"column":9}},{"start":{"line":28,"column":15},"end":{"line":32,"column":9}}],"line":28}},"s":{"0":0,"1":0,"2":0,"3":0,"4":0,"5":0,"6":0,"7":0,"8":0,"9":0,"10":0,"11":0,"12":0,"13":0,"14":0},"f":{"0":0,"1":0,"2":0},"b":{"0":[0,0],"1":[0,0],"2":[0,0]},"hash":"ce43678e86df86a5c722dc6d587cac1e5935b5e4"}
,"/Users/liencardoen/Code/mamp-root/Integration 4/INT4-Team6/web/www/src/components/Header/index.jsx": {"path":"/Users/liencardoen/Code/mamp-root/Integration 4/INT4-Team6/web/www/src/components/Header/index.jsx","statementMap":{"0":{"start":{"line":8,"column":15},"end":{"line":151,"column":1}},"1":{"start":{"line":9,"column":34},"end":{"line":9,"column":49}},"2":{"start":{"line":11,"column":21},"end":{"line":27,"column":5}},"3":{"start":{"line":12,"column":8},"end":{"line":26,"column":9}},"4":{"start":{"line":13,"column":12},"end":{"line":23,"column":14}},"5":{"start":{"line":25,"column":12},"end":{"line":25,"column":22}},"6":{"start":{"line":29,"column":21},"end":{"line":45,"column":5}},"7":{"start":{"line":30,"column":8},"end":{"line":44,"column":9}},"8":{"start":{"line":31,"column":12},"end":{"line":41,"column":13}},"9":{"start":{"line":32,"column":40},"end":{"line":32,"column":53}},"10":{"start":{"line":43,"column":12},"end":{"line":43,"column":22}},"11":{"start":{"line":47,"column":19},"end":{"line":130,"column":3}},"12":{"start":{"line":48,"column":4},"end":{"line":127,"column":5}},"13":{"start":{"line":49,"column":6},"end":{"line":51,"column":7}},"14":{"start":{"line":52,"column":11},"end":{"line":127,"column":5}},"15":{"start":{"line":53,"column":6},"end":{"line":70,"column":8}},"16":{"start":{"line":71,"column":11},"end":{"line":127,"column":5}},"17":{"start":{"line":72,"column":8},"end":{"line":124,"column":10}},"18":{"start":{"line":126,"column":9},"end":{"line":126,"column":19}},"19":{"start":{"line":140,"column":2},"end":{"line":150,"column":5}},"20":{"start":{"line":141,"column":4},"end":{"line":149,"column":7}}},"fnMap":{"0":{"name":"(anonymous_0)","decl":{"start":{"line":8,"column":15},"end":{"line":8,"column":16}},"loc":{"start":{"line":8,"column":85},"end":{"line":151,"column":1}},"line":8},"1":{"name":"(anonymous_1)","decl":{"start":{"line":11,"column":21},"end":{"line":11,"column":22}},"loc":{"start":{"line":11,"column":27},"end":{"line":27,"column":5}},"line":11},"2":{"name":"(anonymous_2)","decl":{"start":{"line":29,"column":21},"end":{"line":29,"column":22}},"loc":{"start":{"line":29,"column":27},"end":{"line":45,"column":5}},"line":29},"3":{"name":"(anonymous_3)","decl":{"start":{"line":32,"column":3
[...]
:{"line":13,"column":12}},"loc":{"start":{"line":13,"column":23},"end":{"line":17,"column":3}},"line":13},"2":{"name":"(anonymous_2)","decl":{"start":{"line":19,"column":12},"end":{"line":19,"column":13}},"loc":{"start":{"line":19,"column":55},"end":{"line":29,"column":3}},"line":19},"3":{"name":"(anonymous_3)","decl":{"start":{"line":31,"column":11},"end":{"line":31,"column":12}},"loc":{"start":{"line":31,"column":27},"end":{"line":36,"column":3}},"line":31},"4":{"name":"(anonymous_4)","decl":{"start":{"line":38,"column":11},"end":{"line":38,"column":12}},"loc":{"start":{"line":38,"column":27},"end":{"line":49,"column":3}},"line":38},"5":{"name":"(anonymous_5)","decl":{"start":{"line":51,"column":17},"end":{"line":51,"column":18}},"loc":{"start":{"line":51,"column":56},"end":{"line":62,"column":3}},"line":51},"6":{"name":"(anonymous_6)","decl":{"start":{"line":64,"column":11},"end":{"line":64,"column":12}},"loc":{"start":{"line":64,"column":27},"end":{"line":75,"column":3}},"line":64},"7":{"name":"(anonymous_7)","decl":{"start":{"line":77,"column":15},"end":{"line":77,"column":16}},"loc":{"start":{"line":77,"column":40},"end":{"line":88,"column":3}},"line":77}},"branchMap":{"0":{"loc":{"start":{"line":3,"column":19},"end":{"line":3,"column":66}},"type":"binary-expr","locations":[{"start":{"line":3,"column":19},"end":{"line":3,"column":61}},{"start":{"line":3,"column":65},"end":{"line":3,"column":66}}],"line":3},"1":{"loc":{"start":{"line":19,"column":23},"end":{"line":19,"column":50}},"type":"default-arg","locations":[{"start":{"line":19,"column":45},"end":{"line":19,"column":50}}],"line":19},"2":{"loc":{"start":{"line":21,"column":16},"end":{"line":21,"column":134}},"type":"cond-expr","locations":[{"start":{"line":21,"column":40},"end":{"line":21,"column":97}},{"start":{"line":21,"column":100},"end":{"line":21,"column":134}}],"line":21},"3":{"loc":{"start":{"line":23,"column":4},"end":{"line":27,"column":5}},"type":"if","locations":[{"start":{"line":23,"column":4},"end":{"line":27,"column":5}},{"start":{"line":23,"column":4},"end":{"line":27,"column":5}}],"line":23},"4":{"loc":{"start":{"line":24,"column":30},"end":{"line":24,"column":54}},"type":"binary-expr","locations":[{"start":{"line":24,"column":30},"end":{"line":24,"column":42}},{"start":{"line":24,"column":46},"end":{"line":24,"column":54}}],"line":24},"5":{"loc":{"start":{"line":77,"column":24},"end":{"line":77,"column":35}},"type":"default-arg","locations":[{"start":{"line":77,"column":31},"end":{"line":77,"column":35}}],"line":77},"6":{"loc":{"start":{"line":84,"column":4},"end":{"line":86,"column":5}},"type":"if","locations":[{"start":{"line":84,"column":4},"end":{"line":86,"column":5}},{"start":{"line":84,"column":4},"end":{"line":86,"column":5}}],"line":84}},"s":{"0":7,"1":66,"2":66,"3":66,"4":66,"5":0,"6":0,"7":0,"8":66,"9":0,"10":0,"11":0,"12":0,"13":0,"14":0,"15":0,"16":0,"17":66,"18":0,"19":0,"20":0,"21":0,"22":66,"23":0,"24":0,"25":0,"26":0,"27":0,"28":66,"29":0,"30":0,"31":0,"32":0,"33":0,"34":66,"35":0,"36":0,"37":0,"38":0,"39":0,"40":66,"41":0,"42":0,"43":0,"44":0},"f":{"0":66,"1":0,"2":0,"3":0,"4":0,"5":0,"6":0,"7":0},"b":{"0":[7,7],"1":[0],"2":[0,0],"3":[0,0],"4":[0,0],"5":[0],"6":[0,0]},"_coverageSchema":"43e27e138ebf9cfc5966b082cf9a028302ed4184","hash":"95f0bb53dcc8bcf807e7df7e541cb4f968d069ad"}
,"/Users/liencardoen/Code/mamp-root/Integration 4/INT4-Team6/web/www/src/stores/AncestorStore.js": {"path":"/Users/liencardoen/Code/mamp-root/Integration 4/INT4-Team6/web/www/src/stores/AncestorStore.js","statementMap":{"0":{"start":{"line":7,"column":4},"end":{"line":7,"column":31}},"1":{"start":{"line":8,"column":4},"end":{"line":8,"column":24}},"2":{"start":{"line":9,"column":4},"end":{"line":9,"column":33}},"3":{"start":{"line":10,"column":4},"end":{"line":10,"column":57}},"4":{"start":{"line":13,"column":21},"end":{"line":17,"column":3}},"5":{"start":{"line":14,"column":26},"end":{"line":14,"column":62}},"6":{"start":{"line":15,"column":4},"end":{"line":15,"column":73}},"7":{"start":{"line":15,"column":36},"end":{"line":15,"column":71}},"8":{"start":{"line":16,"column":4},"end":{"line":16,"column":32}},"9":{"start":{"line":19,"column":17},"end":{"line":23,"column":3}},"10":{"start":{"line":20,"column":25},"end":{"line":20,"column":64}},"11":{"start":{"line":21,"column":4},"end":{"line":21,"column":48}},"12":{"start":{"line":22,"column":4},"end":{"line":22,"column":36}},"13":{"start":{"line":25,"column":16},"end":{"line":27,"column":3}},"14":{"start":{"line":26,"column":4},"end":{"line":26,"column":34}},"15":{"start":{"line":30,"column":19},"end":{"line":30,"column":77}},"16":{"start":{"line":30,"column":53},"end":{"line":30,"column":76}},"17":{"start":{"line":31,"column":4},"end":{"line":36,"column":5}},"18":{"start":{"line":32,"column":6},"end":{"line":35,"column":9}},"19":{"start":{"line":37,"column":4},"end":{"line":41,"column":5}},"20":{"start":{"line":38,"column":6},"end":{"line":38,"column":38}},"21":{"start":{"line":40,"column":6},"end":{"line":40,"column":36}},"22":{"start":{"line":42,"column":4},"end":{"line":42,"column":20}},"23":{"start":{"line":45,"column":20},"end":{"line":45,"column":81}},"24":{"start":{"line":45,"column":28},"end":{"line":45,"column":81}},"25":{"start":{"line":45,"column":62},"end":{"line":45,"column":80}},"26":{"start":{"line":48,"column":0},"end":{"line":56,"column":3}}},"fnMap":{"0":{"name":"(anonymous_0)","decl":{"start":{"line":6,"column":2},"end":{"line":6,"column":3}},"loc":{"start":{"line":6,"column":25},"end":{"line":11,"column":3}},"line":6},"1":{"name":"(anonymous_1)","decl":{"start":{"line":13,"column":21},"end":{"line":13,"column":22}},"loc":{"start":{"line":13,"column":33},"end":{"line":17,"column":3}},"line":13},"2":{"name":"(anonymous_2)","decl":{"start":{"line":15,"column":26},"end":{"line":15,"column":27}},"loc":{"start":{"line":15,"column":36},"end":{"line":15,"column":71}},"line":15},"3":{"name":"(anonymous_3)","decl":{"start":{"line":19,"column":17},"end":{"line":19,"column":18}},"loc":{"start":{"line":19,"column":31},"end":{"line":23,"column":3}},"line":19},"4":{"name":"(anonymous_4)","decl":{"start":{"line":25,"column":16},"end":{"line":25,"column":17}},"loc":{"start":{"line":25,"column":30},"end":{"line":27,"column":3}},"line":25},"5":{"name":"(anonymous_5)","decl":{"start":{"line":29,"column":2},"end":{"line":29,"column":3}},"loc":{"start":{"line":29,"column":33},"end":{"line":43,"column":3}},"line":29},"6":{"name":"(anonymous_6)","decl":{"start":{"line":30,"column":39},"end":{"line":30,"column":40}},"loc":{"start":{"line":30,"column":53},"end":{"line":30,"column":76}},"line":30},"7":{"name":"(anonymous_7)","decl":{"start":{"line":45,"column":20},"end":{"line":45,"column":21}},"loc":{"start":{"line":45,"column":28},"end":{"line":45,"column":81}},"line":45},"8":{"name":"(anonymous_8)","decl":{"start":{"line":45,"column":48},"end":{"line":45,"column":49}},"loc":{"start":{"line":45,"column":62},"end":{"line":45,"column":80}},"line":45}},"branchMap":{"0":{"loc":{"start":{"line":31,"column":4},"end":{"line":36,"column":5}},"type":"if","locations":[{"start":{"line":31,"column":4},"end":{"line":36,"column":5}},{"start":{"line":31,"column":4},"end":{"line":36,"column":5}}],"line":31},"1":{"loc":{"start":{"line":37,"column":4},"end":{"line":41,"column":5}},"type":"if","locations":[{"start":{"line":37,"column":4},"end":{"line":41,"column":5}},{"start":{"line":37,"column":4},"end":{"line":41,"column":5}}],"line":37}},"s":{"0":22,"1":22,"2":22,"3":22,"4":22,"5":0,"6":0,"7":0,"8":0,"9":22,"10":0,"11":0,"12":0,"13":22,"14":7,"15":2,"16":1,"17":2,"18":1,"19":2,"20":0,"21":2,"22":2,"23":22,"24":1,"25":1,"26":7},"f":{"0":22,"1":0,"2":0,"3":0,"4":7,"5":2,"6":1,"7":1,"8":1},"b":{"0":[1,1],"1":[0,2]},"_coverageSchema":"43e27e138ebf9cfc5966b082cf9a028302ed4184","hash":"b48aa3a1cf154fae88e1bb7c65ba5768a53af305"}
,"/Users/liencardoen/Code/mamp-root/Integration 4/INT4-Team6/web/www/src/stores/BookmarkStore.js": {"path":"/Users/liencardoen/Code/mamp-root/Integration 4/INT4-Team6/web/www/src/stores/BookmarkStore.js","statementMap":{"0":{"start":{"line":7,"column":4},"end":{"line":7,"column":31}},"1":{"start":{"line":8,"column":4},"end":{"line":8,"column":24}},"2":{"start":{"line":9,"column":4},"end":{"line":9,"column":57}},"3":{"start":{"line":12,"column":21},"end":{"line":15,"column":3}},"4":{"start":{"line":13,"column":26},"end":{"line":13,"column":62}},"5":{"start":{"line":14,"column":4},"end":{"line":14,"column":73}},"6":{"start":{"line":14,"column":36},"end":{"line":14,"column":71}},"7":{"start":{"line":17,"column":19},"end":{"line":20,"column":3}},"8":{"start":{"line":18,"column":17},"end":{"line":18,"column":61}},"9":{"start":{"line":19,"column":4},"end":{"line":19,"column":40}},"10":{"start":{"line":22,"column":19},"end":{"line":25,"column":3}},"11":{"start":{"line":23,"column":17},"end":{"line":23,"column":61}},"12":{"start":{"line":24,"column":4},"end":{"line":24,"column":40}},"13":{"start":{"line":27,"column":16},"end":{"line":29,"column":3}},"14":{"start":{"line":28,"column":4},"end":{"line":28,"column":34}},"15":{"start":{"line":32,"column":19},"end":{"line":32,"column":77}},"16":{"start":{"line":32,"column":53},"end":{"line":32,"column":76}},"17":{"start":{"line":33,"column":4},"end":{"line":38,"column":5}},"18":{"start":{"line":34,"column":6},"end":{"line":37,"column":9}},"19":{"start":{"line":39,"column":4},"end":{"line":43,"column":5}},"20":{"start":{"line":40,"column":6},"end":{"line":40,"column":38}},"21":{"start":{"line":42,"column":6},"end":{"line":42,"column":36}},"22":{"start":{"line":44,"column":4},"end":{"line":44,"column":20}},"23":{"start":{"line":47,"column":28},"end":{"line":47,"column":98}},"24":{"start":{"line":47,"column":36},"end":{"line":47,"column":98}},"25":{"start":{"line":47,"column":70},"end":{"line":47,"column":97}},"26":{"start":{"line":50,"column":0},"end":{"line":55,"column":3}}},"fnMap":{"0":{"name":"(anonymous_0)","decl":{"start":{"line":6,"column":2},"end":{"line":6,"column":3}},"loc":{"start":{"line":6,"column":25},"end":{"line":10,"column":3}},"line":6},"1":{"name":"(anonymous_1)","decl":{"start":{"line":12,"column":21},"end":{"line":12,"column":22}},"loc":{"start":{"line":12,"column":33},"end":{"line":15,"column":3}},"line":12},"2":{"name":"(anonymous_2)","decl":{"start":{"line":14,"column":26},"end":{"line":14,"column":27}},"loc":{"start":{"line":14,"column":36},"end":{"line":14,"column":71}},"line":14},"3":{"name":"(anonymous_3)","decl":{"start":{"line":17,"column":19},"end":{"line":17,"column":20}},"loc":{"start":{"line":17,"column":39},"end":{"line":20,"column":3}},"line":17},"4":{"name":"(anonymous_4)","decl":{"start":{"line":22,"column":19},"end":{"line":22,"column":20}},"loc":{"start":{"line":22,"column":39},"end":{"line":25,"column":3}},"line":22},"5":{"name":"(anonymous_5)","decl":{"start":{"line":27,"column":16},"end":{"line":27,"column":17}},"loc":{"start":{"line":27,"column":30},"end":{"line":29,"column":3}},"line":27},"6":{"name":"(anonymous_6)","decl":{"start":{"line":31,"column":2},"end":{"line":31,"column":3}},"loc":{"start":{"line":31,"column":33},"end":{"line":45,"column":3}},"line":31},"7":{"name":"(anonymous_7)","decl":{"start":{"line":32,"column":39},"end":{"line":32,"column":40}},"loc":{"start":{"line":32,"column":53},"end":{"line":32,"column":76}},"line":32},"8":{"name":"(anonymous_8)","decl":{"start":{"line":47,"column":28},"end":{"line":47,"column":29}},"loc":{"start":{"line":47,"column":36},"end":{"line":47,"column":98}},"line":47},"9":{"name":"(anonymous_9)","decl":{"start":{"line":47,"column":56},"end":{"line":47,"column":57}},"loc":{"start":{"line":47,"column":70},"end":{"line":47,"column":97}},"line":47}},"branchMap":{"0":{"loc":{"start":{"line":33,"column":4},"end":{"line":38,"column":5}},"type":"if","locations":[{"start":{"line":33,"column":4},"end":{"line":38,"column":5}},{"start":{"line":33,"column":4},"end":{"line":38,"column":5}}],"line":33},"1":{"loc":{"start":{"line":39,"column":4},"end":{"line":43,"column":5}},"type":"if","locations":[{"start":{"line":39,"column":4},"end":{"line":43,"column":5}},{"start":{"line":39,"column":4},"end":{"line":43,"column":5}}],"line":39}},"s":{"0":22,"1":22,"2":22,"3":22,"4":0,"5":0,"6":0,"7":22,"8":0,"9":0,"10":22,"11":0,"12":0,"13":22,"14":8,"15":2,"16":1,"17":2,"18":1,"19":2,"20":0,"21":2,"22":2,"23":22,"24":1,"25":1,"26":7},"f":{"0":22,"1":0,"2":0,"3":0,"4":0,"5":8,"6":2,"7":1,"8":1,"9":1},"b":{"0":[1,1],"1":[0,2]},"_coverageSchema":"43e27e138ebf9cfc5966b082cf9a028302ed4184","hash":"242f0948fb07fefd0da2817569067bc54dbbcd21"}
,"/Users/liencardoen/Code/mamp-root/Integration 4/INT4-Team6/web/www/src/stores/UiStore.js": {"path":"/Users/liencardoen/Code/mamp-root/Integration 4/INT4-Team6/web/www/src/stores/UiStore.js","statementMap":{"0":{"start":{"line":5,"column":4},"end":{"line":5,"column":31}},"1":{"start":{"line":6,"column":4},"end":{"line":6,"column":33}},"2":{"start":{"line":10,"column":4},"end":{"line":10,"column":28}},"3":{"start":{"line":14,"column":0},"end":{"line":17,"column":3}}},"fnMap":{"0":{"name":"(anonymous_0)","decl":{"start":{"line":4,"column":2},"end":{"line":4,"column":3}},"loc":{"start":{"line":4,"column":25},"end":{"line":7,"column":3}},"line":4},"1":{"name":"(anonymous_1)","decl":{"start":{"line":9,"column":2},"end":{"line":9,"column":3}},"loc":{"start":{"line":9,"column":23},"end":{"line":11,"column":3}},"line":9}},"branchMap":{},"s":{"0":21,"1":21,"2":1,"3":7},"f":{"0":21,"1":1},"b":{},"_coverageSchema":"43e27e138ebf9cfc5966b082cf9a028302ed4184","hash":"e5116ca64e222066dc3cef51f683c65e6d8e4521"}
,"/Users/liencardoen/Code/mamp-root/Integration 4/INT4-Team6/web/www/src/stores/UserStore.js": {"path":"/Users/liencardoen/Code/mamp-root/Integration 4/INT4-Team6/web/www/src/stores/UserStore.js","statementMap":{"0":{"start":{"line":7,"column":4},"end":{"line":7,"column":31}},"1":{"start":{"line":8,"column":4},"end":{"line":8,"column":20}},"2":{"start":{"line":9,"column":4},"end":{"line":9,"column":49}},"3":{"start":{"line":12,"column":17},"end":{"line":15,"column":3}},"4":{"start":{"line":13,"column":22},"end":{"line":13,"column":54}},"5":{"start":{"line":14,"column":4},"end":{"line":14,"column":65}},"6":{"start":{"line":14,"column":32},"end":{"line":14,"column":63}},"7":{"start":{"line":17,"column":13},"end":{"line":21,"column":3}},"8":{"start":{"line":18,"column":21},"end":{"line":18,"column":56}},"9":{"start":{"line":19,"column":4},"end":{"line":19,"column":40}},"10":{"start":{"line":20,"column":4},"end":{"line":20,"column":32}},"11":{"start":{"line":23,"column":12},"end":{"line":25,"column":3}},"12":{"start":{"line":24,"column":4},"end":{"line":24,"column":26}},"13":{"start":{"line":28,"column":15},"end":{"line":28,"column":61}},"14":{"start":{"line":28,"column":41},"end":{"line":28,"column":60}},"15":{"start":{"line":29,"column":4},"end":{"line":34,"column":5}},"16":{"start":{"line":30,"column":6},"end":{"line":33,"column":9}},"17":{"start":{"line":35,"column":4},"end":{"line":39,"column":5}},"18":{"start":{"line":36,"column":6},"end":{"line":36,"column":30}},"19":{"start":{"line":38,"column":6},"end":{"line":38,"column":32}},"20":{"start":{"line":40,"column":4},"end":{"line":40,"column":16}},"21":{"start":{"line":43,"column":16},"end":{"line":43,"column":65}},"22":{"start":{"line":43,"column":24},"end":{"line":43,"column":65}},"23":{"start":{"line":43,"column":50},"end":{"line":43,"column":64}},"24":{"start":{"line":46,"column":0},"end":{"line":50,"column":3}}},"fnMap":{"0":{"name":"(anonymous_0)","decl":{"start":{"line":6,"column":2},"end":{"line":6,"column":3}},"loc":{"start":{"line":6,"column":25},"end":{"line":10,"column":3}},"line":6},"1":{"name":"(anonymous_1)","decl":{"start":{"line":12,"column":17},"end":{"line":12,"column":18}},"loc":{"start":{"line":12,"column":29},"end":{"line":15,"column":3}},"line":12},"2":{"name":"(anonymous_2)","decl":{"start":{"line":14,"column":22},"end":{"line":14,"column":23}},"loc":{"start":{"line":14,"column":32},"end":{"line":14,"column":63}},"line":14},"3":{"name":"(anonymous_3)","decl":{"start":{"line":17,"column":13},"end":{"line":17,"column":14}},"loc":{"start":{"line":17,"column":27},"end":{"line":21,"column":3}},"line":17},"4":{"name":"(anonymous_4)","decl":{"start":{"line":23,"column":12},"end":{"line":23,"column":13}},"loc":{"start":{"line":23,"column":22},"end":{"line":25,"column":3}},"line":23},"5":{"name":"(anonymous_5)","decl":{"start":{"line":27,"column":2},"end":{"line":27,"column":3}},"loc":{"start":{"line":27,"column":29},"end":{"line":41,"column":3}},"line":27},"6":{"name":"(anonymous_6)","decl":{"start":{"line":28,"column":31},"end":{"line":28,"column":32}},"loc":{"start":{"line":28,"column":41},"end":{"line":28,"column":60}},"line":28},"7":{"name":"(anonymous_7)","decl":{"start":{"line":43,"column":16},"end":{"line":43,"column":17}},"loc":{"start":{"line":43,"column":24},"end":{"line":43,"column":65}},"line":43},"8":{"name":"(anonymous_8)","decl":{"start":{"line":43,"column":40},"end":{"line":43,"column":41}},"loc":{"start":{"line":43,"column":50},"end":{"line":43,"column":64}},"line":43}},"branchMap":{"0":{"loc":{"start":{"line":29,"column":4},"end":{"line":34,"column":5}},"type":"if","locations":[{"start":{"line":29,"column":4},"end":{"line":34,"column":5}},{"start":{"line":29,"column":4},"end":{"line":34,"column":5}}],"line":29},"1":{"loc":{"start":{"line":35,"column":4},"end":{"line":39,"column":5}},"type":"if","locations":[{"start":{"line":35,"column":4},"end":{"line":39,"column":5}},{"start":{"line":35,"column":4},"end":{"line":39,"column":5}}],"line":35}},"s":{"0":22,"1":22,"2":22,"3":22,"4":0,"5":0,"6":0,"7":22,"8":0,"9":0,"10":0,"11":22,"12":8,"13":2,"14":1,"15":2,"16":1,"17":2,"18":0,"19":2,"20":2,"21":22,"22":1,"23":1,"24":7},"f":{"0":22,"1":0,"2":0,"3":0,"4":8,"5":2,"6":1,"7":1,"8":1},"b":{"0":[1,1],"1":[0,2]},"_coverageSchema":"43e27e138ebf9cfc5966b082cf9a028302ed4184","hash":"64f5ba13a275a4e50321cb0c6d717983976b4108"}
,"/Users/liencardoen/Code/mamp-root/Integration 4/INT4-Team6/web/www/src/stores/index.js": {"path":"/Users/liencardoen/Code/mamp-root/Integration 4/INT4-Team6/web/www/src/stores/index.js","statementMap":{"0":{"start":{"line":8,"column":8},"end":{"line":8,"column":53}},"1":{"start":{"line":9,"column":8},"end":{"line":9,"column":45}},"2":{"start":{"line":10,"column":8},"end":{"line":10,"column":53}},"3":{"start":{"line":11,"column":8},"end":{"line":11,"column":41}}},"fnMap":{"0":{"name":"(anonymous_0)","decl":{"start":{"line":7,"column":4},"end":{"line":7,"column":5}},"loc":{"start":{"line":7,"column":18},"end":{"line":12,"column":5}},"line":7}},"branchMap":{},"s":{"0":20,"1":20,"2":20,"3":20},"f":{"0":20},"b":{},"_coverageSchema":"43e27e138ebf9cfc5966b082cf9a028302ed4184","hash":"3b934615c09f0d9ce4954b8775f7cc281c37600d"}
,"/Users/liencardoen/Code/mamp-root/Integration 4/INT4-Team6/web/www/src/utils/delay.js": {"path":"/Users/liencardoen/Code/mamp-root/Integration 4/INT4-Team6/web/www/src/utils/delay.js","statementMap":{"0":{"start":{"line":1,"column":14},"end":{"line":5,"column":1}},"1":{"start":{"line":2,"column":2},"end":{"line":4,"column":5}},"2":{"start":{"line":3,"column":4},"end":{"line":3,"column":36}},"3":{"start":{"line":3,"column":21},"end":{"line":3,"column":30}}},"fnMap":{"0":{"name":"(anonymous_0)","decl":{"start":{"line":1,"column":14},"end":{"line":1,"column":15}},"loc":{"start":{"line":1,"column":20},"end":{"line":5,"column":1}},"line":1},"1":{"name":"(anonymous_1)","decl":{"start":{"line":2,"column":21},"end":{"line":2,"column":22}},"loc":{"start":{"line":2,"column":32},"end":{"line":4,"column":3}},"line":2},"2":{"name":"(anonymous_2)","decl":{"start":{"line":3,"column":15},"end":{"line":3,"column":16}},"loc":{"start":{"line":3,"column":21},"end":{"line":3,"column":30}},"line":3}},"branchMap":{},"s":{"0":7,"1":0,"2":0,"3":0},"f":{"0":0,"1":0,"2":0},"b":{},"_coverageSchema":"43e27e138ebf9cfc5966b082cf9a028302ed4184","hash":"f685fbb84b3d3db9b87db903157938bc8d380886"}
}
