TN:
SF:/Users/liencardoen/Code/mamp-root/Integration 4/INT4-Team6/web/www/src/App.js
FN:18,(anonymous_0)
FN:19,(anonymous_1)
FNF:2
FNH:0
FNDA:0,(anonymous_0)
FNDA:0,(anonymous_1)
DA:18,0
DA:19,0
DA:20,0
LF:3
LH:0
BRF:0
BRH:0
end_of_record
TN:
SF:/Users/liencardoen/Code/mamp-root/Integration 4/INT4-Team6/web/www/src/index.js
FNF:0
FNH:0
DA:8,0
DA:15,0
LF:2
LH:0
BRF:0
BRH:0
end_of_record
TN:
SF:/Users/liencardoen/Code/mamp-root/Integration 4/INT4-Team6/web/www/src/serviceWorker.js
FN:23,register
FN:34,(anonymous_1)
FN:43,(anonymous_2)
FN:57,registerValidSW
FN:60,(anonymous_4)
FN:61,(anonymous_5)
FN:66,(anonymous_6)
FN:96,(anonymous_7)
FN:101,checkValidServiceWorker
FN:106,(anonymous_9)
FN:114,(anonymous_10)
FN:115,(anonymous_11)
FN:124,(anonymous_12)
FN:131,unregister
FN:134,(anonymous_14)
FN:137,(anonymous_15)
FNF:16
FNH:0
FNDA:0,register
FNDA:0,(anonymous_1)
FNDA:0,(anonymous_2)
FNDA:0,registerValidSW
FNDA:0,(anonymous_4)
FNDA:0,(anonymous_5)
FNDA:0,(anonymous_6)
FNDA:0,(anonymous_7)
FNDA:0,checkValidServiceWorker
FNDA:0,(anonymous_9)
FNDA:0,(anonymous_10)
FNDA:0,(anonymous_11)
FNDA:0,(anonymous_12)
FNDA:0,unregister
FNDA:0,(anonymous_14)
FNDA:0,(anonymous_15)
DA:13,0
DA:24,0
DA:26,0
DA:27,0
DA:31,0
DA:34,0
DA:35,0
DA:37,0
DA:39,0
DA:43,0
DA:44,0
DA:51,0
DA:58,0
DA:61,0
DA:62,0
DA:63,0
DA:64,0
DA:66,0
DA:67,0
DA:68,0
DA:72,0
DA:78,0
DA:79,0
DA:85,0
DA:88,0
DA:89,0
DA:97,0
DA:103,0
DA:108,0
DA:109,0
DA:114,0
DA:115,0
DA:116,0
DA:121,0
DA:125,0
DA:132,0
DA:133,0
DA:135,0
DA:138,0
LF:39
LH:0
BRDA:14,0,0,0
BRDA:14,0,1,0
BRDA:14,0,2,0
BRDA:24,1,0,0
BRDA:24,1,1,0
BRDA:24,2,0,0
BRDA:24,2,1,0
BRDA:27,3,0,0
BRDA:27,3,1,0
BRDA:37,4,0,0
BRDA:37,4,1,0
BRDA:63,5,0,0
BRDA:63,5,1,0
BRDA:67,6,0,0
BRDA:67,6,1,0
BRDA:68,7,0,0
BRDA:68,7,1,0
BRDA:78,8,0,0
BRDA:78,8,1,0
BRDA:78,9,0,0
BRDA:78,9,1,0
BRDA:88,10,0,0
BRDA:88,10,1,0
BRDA:88,11,0,0
BRDA:88,11,1,0
BRDA:109,12,0,0
BRDA:109,12,1,0
BRDA:110,13,0,0
BRDA:110,13,1,0
BRDA:110,13,2,0
BRDA:132,14,0,0
BRDA:132,14,1,0
BRF:32
BRH:0
end_of_record
TN:
SF:/Users/liencardoen/Code/mamp-root/Integration 4/INT4-Team6/web/www/src/components/Ancestor/index.jsx
FN:7,(anonymous_0)
FN:42,(anonymous_1)
FN:52,(anonymous_2)
FN:88,(anonymous_3)
FN:89,(anonymous_4)
FNF:5
FNH:0
FNDA:0,(anonymous_0)
FNDA:0,(anonymous_1)
FNDA:0,(anonymous_2)
FNDA:0,(anonymous_3)
FNDA:0,(anonymous_4)
DA:7,0
DA:8,0
DA:9,0
DA:10,0
DA:11,0
DA:12,0
DA:14,0
DA:15,0
DA:16,0
DA:17,0
DA:18,0
DA:19,0
DA:20,0
DA:21,0
DA:25,0
DA:29,0
DA:34,0
DA:35,0
DA:40,0
DA:42,0
DA:43,0
DA:46,0
DA:47,0
DA:48,0
DA:50,0
DA:52,0
DA:53,0
DA:54,0
DA:57,0
DA:88,0
DA:89,0
DA:114,0
LF:32
LH:0
BRDA:14,0,0,0
BRDA:14,0,1,0
BRDA:16,1,0,0
BRDA:16,1,1,0
BRDA:19,2,0,0
BRDA:19,2,1,0
BRDA:36,3,0,0
BRDA:36,3,1,0
BRDA:43,4,0,0
BRDA:43,4,1,0
BRF:10
BRH:0
end_of_record
TN:
SF:/Users/liencardoen/Code/mamp-root/Integration 4/INT4-Team6/web/www/src/components/Ancestors/effectTest.jsx
FN:13,Effect
FN:16,(anonymous_1)
FN:36,(anonymous_2)
FN:41,(anonymous_3)
FNF:4
FNH:0
FNDA:0,Effect
FNDA:0,(anonymous_1)
FNDA:0,(anonymous_2)
FNDA:0,(anonymous_3)
DA:11,0
DA:14,0
DA:16,0
DA:17,0
DA:18,0
DA:20,0
DA:21,0
DA:22,0
DA:24,0
DA:30,0
DA:33,0
DA:36,0
DA:37,0
DA:38,0
DA:41,0
DA:42,0
DA:43,0
DA:46,0
LF:18
LH:0
BRF:0
BRH:0
end_of_record
TN:
SF:/Users/liencardoen/Code/mamp-root/Integration 4/INT4-Team6/web/www/src/components/Ancestors/effects.jsx
FN:25,Effects
FN:29,(anonymous_1)
FN:34,(anonymous_2)
FN:36,(anonymous_3)
FN:37,(anonymous_4)
FNF:5
FNH:0
FNDA:0,Effects
FNDA:0,(anonymous_1)
FNDA:0,(anonymous_2)
FNDA:0,(anonymous_3)
FNDA:0,(anonymous_4)
DA:16,0
DA:27,0
DA:28,0
DA:29,0
DA:34,0
DA:36,0
DA:37,0
DA:39,0
LF:8
LH:0
BRF:0
BRH:0
end_of_record
TN:
SF:/Users/liencardoen/Code/mamp-root/Integration 4/INT4-Team6/web/www/src/components/Ancestors/index.jsx
FN:16,(anonymous_0)
FN:26,(anonymous_1)
FN:33,(anonymous_2)
FN:39,(anonymous_3)
FN:46,(anonymous_4)
FN:51,(anonymous_5)
FN:56,(anonymous_6)
FN:77,(anonymous_7)
FN:87,(anonymous_8)
FN:141,(anonymous_9)
FN:145,(anonymous_10)
FNF:11
FNH:0
FNDA:0,(anonymous_0)
FNDA:0,(anonymous_1)
FNDA:0,(anonymous_2)
FNDA:0,(anonymous_3)
FNDA:0,(anonymous_4)
FNDA:0,(anonymous_5)
FNDA:0,(anonymous_6)
FNDA:0,(anonymous_7)
FNDA:0,(anonymous_8)
FNDA:0,(anonymous_9)
FNDA:0,(anonymous_10)
DA:16,0
DA:17,0
DA:18,0
DA:19,0
DA:20,0
DA:21,0
DA:23,0
DA:26,0
DA:27,0
DA:28,0
DA:33,0
DA:34,0
DA:35,0
DA:39,0
DA:40,0
DA:41,0
DA:42,0
DA:43,0
DA:46,0
DA:47,0
DA:48,0
DA:49,0
DA:50,0
DA:51,0
DA:52,0
DA:56,0
DA:57,0
DA:58,0
DA:59,0
DA:60,0
DA:61,0
DA:62,0
DA:63,0
DA:64,0
DA:65,0
DA:66,0
DA:67,0
DA:68,0
DA:69,0
DA:77,0
DA:78,0
DA:87,0
DA:142,0
DA:145,0
DA:156,0
LF:45
LH:0
BRDA:27,0,0,0
BRDA:27,0,1,0
BRDA:34,1,0,0
BRDA:34,1,1,0
BRDA:34,2,0,0
BRDA:34,2,1,0
BRDA:166,3,0,0
BRDA:166,3,1,0
BRDA:178,4,0,0
BRDA:178,4,1,0
BRF:10
BRH:0
end_of_record
TN:
SF:/Users/liencardoen/Code/mamp-root/Integration 4/INT4-Team6/web/www/src/components/Ancestors/indexBackup.jsx
FN:16,(anonymous_0)
FN:28,(anonymous_1)
FN:35,(anonymous_2)
FN:41,(anonymous_3)
FN:58,(anonymous_4)
FN:67,(anonymous_5)
FN:68,(anonymous_6)
FN:69,(anonymous_7)
FN:80,(anonymous_8)
FN:84,(anonymous_9)
FN:94,(anonymous_10)
FN:119,(anonymous_11)
FN:120,(anonymous_12)
FN:126,(anonymous_13)
FNF:14
FNH:0
FNDA:0,(anonymous_0)
FNDA:0,(anonymous_1)
FNDA:0,(anonymous_2)
FNDA:0,(anonymous_3)
FNDA:0,(anonymous_4)
FNDA:0,(anonymous_5)
FNDA:0,(anonymous_6)
FNDA:0,(anonymous_7)
FNDA:0,(anonymous_8)
FNDA:0,(anonymous_9)
FNDA:0,(anonymous_10)
FNDA:0,(anonymous_11)
FNDA:0,(anonymous_12)
FNDA:0,(anonymous_13)
DA:16,0
DA:18,0
DA:21,0
DA:22,0
DA:23,0
DA:24,0
DA:25,0
DA:28,0
DA:29,0
DA:30,0
DA:35,0
DA:36,0
DA:37,0
DA:41,0
DA:42,0
DA:43,0
DA:44,0
DA:45,0
DA:48,0
DA:56,0
DA:58,0
DA:59,0
DA:67,0
DA:68,0
DA:69,0
DA:81,0
DA:84,0
DA:94,0
DA:95,0
DA:96,0
DA:102,0
DA:118,0
DA:119,0
DA:120,0
DA:121,0
DA:124,0
DA:126,0
DA:127,0
DA:130,0
LF:39
LH:0
BRDA:29,0,0,0
BRDA:29,0,1,0
BRDA:36,1,0,0
BRDA:36,1,1,0
BRDA:36,2,0,0
BRDA:36,2,1,0
BRDA:95,3,0,0
BRDA:95,3,1,0
BRDA:95,4,0,0
BRDA:95,4,1,0
BRDA:149,5,0,0
BRDA:149,5,1,0
BRF:12
BRH:0
end_of_record
TN:
SF:/Users/liencardoen/Code/mamp-root/Integration 4/INT4-Team6/web/www/src/components/Ancestors/line.jsx
FN:5,(anonymous_0)
FN:7,(anonymous_1)
FN:7,(anonymous_2)
FN:10,(anonymous_3)
FNF:4
FNH:0
FNDA:0,(anonymous_0)
FNDA:0,(anonymous_1)
FNDA:0,(anonymous_2)
FNDA:0,(anonymous_3)
DA:5,0
DA:6,0
DA:7,0
DA:10,0
DA:12,0
LF:5
LH:0
BRF:0
BRH:0
end_of_record
TN:
SF:/Users/liencardoen/Code/mamp-root/Integration 4/INT4-Team6/web/www/src/components/Bookmark/index.jsx
FN:7,(anonymous_0)
FN:11,(anonymous_1)
FNF:2
FNH:0
FNDA:0,(anonymous_0)
FNDA:0,(anonymous_1)
DA:7,0
DA:9,0
DA:11,0
DA:12,0
DA:37,0
LF:5
LH:0
BRF:0
BRH:0
end_of_record
TN:
SF:/Users/liencardoen/Code/mamp-root/Integration 4/INT4-Team6/web/www/src/components/Bookmarks/index.jsx
FN:11,(anonymous_0)
FN:22,(anonymous_1)
FN:23,(anonymous_2)
FN:41,(anonymous_3)
FN:67,(anonymous_4)
FNF:5
FNH:0
FNDA:0,(anonymous_0)
FNDA:0,(anonymous_1)
FNDA:0,(anonymous_2)
FNDA:0,(anonymous_3)
FNDA:0,(anonymous_4)
DA:11,0
DA:13,0
DA:14,0
DA:15,0
DA:17,0
DA:19,0
DA:20,0
DA:22,0
DA:23,0
DA:24,0
DA:25,0
DA:26,0
DA:27,0
DA:28,0
DA:30,0
DA:31,0
DA:33,0
DA:34,0
DA:38,0
DA:41,0
DA:43,0
DA:44,0
DA:52,0
DA:68,0
LF:24
LH:0
BRDA:26,0,0,0
BRDA:26,0,1,0
BRDA:33,1,0,0
BRDA:33,1,1,0
BRDA:33,2,0,0
BRDA:33,2,1,0
BRDA:43,3,0,0
BRDA:43,3,1,0
BRDA:60,4,0,0
BRDA:60,4,1,0
BRF:10
BRH:0
end_of_record
TN:
SF:/Users/liencardoen/Code/mamp-root/Integration 4/INT4-Team6/web/www/src/components/Button/index.jsx
FN:6,(anonymous_0)
FNF:1
FNH:0
FNDA:0,(anonymous_0)
DA:6,0
DA:7,0
DA:14,0
LF:3
LH:0
BRF:0
BRH:0
end_of_record
TN:
SF:/Users/liencardoen/Code/mamp-root/Integration 4/INT4-Team6/web/www/src/components/Controls/index.js
FN:8,(anonymous_0)
FN:16,(anonymous_1)
FNF:2
FNH:0
FNDA:0,(anonymous_0)
FNDA:0,(anonymous_1)
DA:6,0
DA:8,0
DA:9,0
DA:10,0
DA:12,0
DA:13,0
DA:14,0
DA:16,0
DA:17,0
DA:18,0
DA:19,0
DA:20,0
DA:21,0
DA:24,0
LF:14
LH:0
BRF:0
BRH:0
end_of_record
TN:
SF:/Users/liencardoen/Code/mamp-root/Integration 4/INT4-Team6/web/www/src/components/Dashboard/index.jsx
FN:8,(anonymous_0)
FN:12,(anonymous_1)
FNF:2
FNH:0
FNDA:0,(anonymous_0)
FNDA:0,(anonymous_1)
DA:8,0
DA:10,0
DA:12,0
DA:13,0
LF:4
LH:0
BRDA:19,0,0,0
BRDA:19,0,1,0
BRF:2
BRH:0
end_of_record
TN:
SF:/Users/liencardoen/Code/mamp-root/Integration 4/INT4-Team6/web/www/src/components/Detail/detailOne.jsx
FN:12,(anonymous_0)
FN:41,(anonymous_1)
FN:42,(anonymous_2)
FN:73,(anonymous_3)
FN:95,(anonymous_4)
FN:98,(anonymous_5)
FN:111,(anonymous_6)
FNF:7
FNH:0
FNDA:0,(anonymous_0)
FNDA:0,(anonymous_1)
FNDA:0,(anonymous_2)
FNDA:0,(anonymous_3)
FNDA:0,(anonymous_4)
FNDA:0,(anonymous_5)
FNDA:0,(anonymous_6)
DA:12,0
DA:14,0
DA:15,0
DA:17,0
DA:20,0
DA:21,0
DA:23,0
DA:24,0
DA:25,0
DA:26,0
DA:31,0
DA:32,0
DA:33,0
DA:35,0
DA:36,0
DA:37,0
DA:38,0
DA:39,0
DA:41,0
DA:42,0
DA:43,0
DA:44,0
DA:45,0
DA:46,0
DA:47,0
DA:48,0
DA:49,0
DA:50,0
DA:51,0
DA:53,0
DA:54,0
DA:56,0
DA:57,0
DA:58,0
DA:59,0
DA:60,0
DA:61,0
DA:63,0
DA:64,0
DA:69,0
DA:73,0
DA:74,0
DA:75,0
DA:77,0
DA:78,0
DA:83,0
DA:84,0
DA:85,0
DA:86,0
DA:88,0
DA:89,0
DA:90,0
DA:91,0
DA:95,0
DA:96,0
DA:98,0
DA:101,0
DA:111,0
DA:112,0
DA:113,0
DA:115,0
DA:116,0
DA:119,0
LF:63
LH:0
BRDA:49,0,0,0
BRDA:49,0,1,0
BRDA:53,1,0,0
BRDA:53,1,1,0
BRDA:63,2,0,0
BRDA:63,2,1,0
BRDA:63,3,0,0
BRDA:63,3,1,0
BRDA:77,4,0,0
BRDA:77,4,1,0
BRDA:112,5,0,0
BRDA:112,5,1,0
BRDA:115,6,0,0
BRDA:115,6,1,0
BRDA:131,7,0,0
BRDA:131,7,1,0
BRDA:168,8,0,0
BRDA:168,8,1,0
BRF:18
BRH:0
end_of_record
TN:
SF:/Users/liencardoen/Code/mamp-root/Integration 4/INT4-Team6/web/www/src/components/Detail/detailOther.jsx
FN:12,(anonymous_0)
FN:28,(anonymous_1)
FN:29,(anonymous_2)
FN:61,(anonymous_3)
FNF:4
FNH:0
FNDA:0,(anonymous_0)
FNDA:0,(anonymous_1)
FNDA:0,(anonymous_2)
FNDA:0,(anonymous_3)
DA:12,0
DA:14,0
DA:15,0
DA:18,0
DA:19,0
DA:20,0
DA:22,0
DA:23,0
DA:24,0
DA:25,0
DA:26,0
DA:28,0
DA:29,0
DA:30,0
DA:31,0
DA:32,0
DA:33,0
DA:34,0
DA:35,0
DA:36,0
DA:37,0
DA:38,0
DA:40,0
DA:41,0
DA:43,0
DA:44,0
DA:45,0
DA:46,0
DA:47,0
DA:48,0
DA:51,0
DA:52,0
DA:56,0
DA:61,0
DA:62,0
DA:63,0
DA:65,0
DA:66,0
DA:69,0
LF:39
LH:0
BRDA:36,0,0,0
BRDA:36,0,1,0
BRDA:40,1,0,0
BRDA:40,1,1,0
BRDA:51,2,0,0
BRDA:51,2,1,0
BRDA:51,3,0,0
BRDA:51,3,1,0
BRDA:62,4,0,0
BRDA:62,4,1,0
BRDA:65,5,0,0
BRDA:65,5,1,0
BRF:12
BRH:0
end_of_record
TN:
SF:/Users/liencardoen/Code/mamp-root/Integration 4/INT4-Team6/web/www/src/components/Detail/detailThree.jsx
FN:12,(anonymous_0)
FN:29,(anonymous_1)
FN:30,(anonymous_2)
FN:62,(anonymous_3)
FN:85,(anonymous_4)
FNF:5
FNH:0
FNDA:0,(anonymous_0)
FNDA:0,(anonymous_1)
FNDA:0,(anonymous_2)
FNDA:0,(anonymous_3)
FNDA:0,(anonymous_4)
DA:12,0
DA:13,0
DA:14,0
DA:16,0
DA:19,0
DA:20,0
DA:21,0
DA:23,0
DA:24,0
DA:25,0
DA:26,0
DA:27,0
DA:29,0
DA:30,0
DA:31,0
DA:32,0
DA:33,0
DA:34,0
DA:35,0
DA:36,0
DA:39,0
DA:40,0
DA:41,0
DA:43,0
DA:44,0
DA:46,0
DA:47,0
DA:48,0
DA:49,0
DA:50,0
DA:51,0
DA:53,0
DA:54,0
DA:58,0
DA:62,0
DA:63,0
DA:64,0
DA:67,0
DA:68,0
DA:73,0
DA:74,0
DA:75,0
DA:76,0
DA:78,0
DA:79,0
DA:80,0
DA:81,0
DA:85,0
DA:86,0
DA:87,0
DA:89,0
DA:90,0
DA:93,0
LF:53
LH:0
BRDA:39,0,0,0
BRDA:39,0,1,0
BRDA:43,1,0,0
BRDA:43,1,1,0
BRDA:53,2,0,0
BRDA:53,2,1,0
BRDA:53,3,0,0
BRDA:53,3,1,0
BRDA:67,4,0,0
BRDA:67,4,1,0
BRDA:86,5,0,0
BRDA:86,5,1,0
BRDA:89,6,0,0
BRDA:89,6,1,0
BRDA:105,7,0,0
BRDA:105,7,1,0
BRDA:139,8,0,0
BRDA:139,8,1,0
BRF:18
BRH:0
end_of_record
TN:
SF:/Users/liencardoen/Code/mamp-root/Integration 4/INT4-Team6/web/www/src/components/Detail/detailTwo.jsx
FN:12,(anonymous_0)
FN:30,(anonymous_1)
FN:31,(anonymous_2)
FN:63,(anonymous_3)
FN:86,(anonymous_4)
FNF:5
FNH:0
FNDA:0,(anonymous_0)
FNDA:0,(anonymous_1)
FNDA:0,(anonymous_2)
FNDA:0,(anonymous_3)
FNDA:0,(anonymous_4)
DA:12,0
DA:14,0
DA:15,0
DA:17,0
DA:20,0
DA:21,0
DA:22,0
DA:24,0
DA:25,0
DA:26,0
DA:27,0
DA:28,0
DA:30,0
DA:31,0
DA:32,0
DA:33,0
DA:34,0
DA:35,0
DA:36,0
DA:37,0
DA:40,0
DA:41,0
DA:42,0
DA:44,0
DA:45,0
DA:47,0
DA:48,0
DA:49,0
DA:50,0
DA:51,0
DA:52,0
DA:54,0
DA:55,0
DA:59,0
DA:63,0
DA:64,0
DA:65,0
DA:68,0
DA:69,0
DA:74,0
DA:75,0
DA:76,0
DA:77,0
DA:79,0
DA:80,0
DA:81,0
DA:82,0
DA:86,0
DA:87,0
DA:88,0
DA:90,0
DA:91,0
DA:94,0
LF:53
LH:0
BRDA:40,0,0,0
BRDA:40,0,1,0
BRDA:44,1,0,0
BRDA:44,1,1,0
BRDA:54,2,0,0
BRDA:54,2,1,0
BRDA:54,3,0,0
BRDA:54,3,1,0
BRDA:68,4,0,0
BRDA:68,4,1,0
BRDA:87,5,0,0
BRDA:87,5,1,0
BRDA:90,6,0,0
BRDA:90,6,1,0
BRDA:106,7,0,0
BRDA:106,7,1,0
BRDA:140,8,0,0
BRDA:140,8,1,0
BRF:18
BRH:0
end_of_record
TN:
SF:/Users/liencardoen/Code/mamp-root/Integration 4/INT4-Team6/web/www/src/components/Detail/index.jsx
FN:11,(anonymous_0)
FN:20,(anonymous_1)
FN:23,(anonymous_2)
FNF:3
FNH:0
FNDA:0,(anonymous_0)
FNDA:0,(anonymous_1)
FNDA:0,(anonymous_2)
DA:11,0
DA:13,0
DA:14,0
DA:15,0
DA:17,0
DA:18,0
DA:20,0
DA:21,0
DA:24,0
DA:25,0
DA:26,0
DA:27,0
DA:28,0
DA:29,0
DA:31,0
LF:15
LH:0
BRDA:24,0,0,0
BRDA:24,0,1,0
BRDA:26,1,0,0
BRDA:26,1,1,0
BRDA:28,2,0,0
BRDA:28,2,1,0
BRF:6
BRH:0
end_of_record
TN:
SF:/Users/liencardoen/Code/mamp-root/Integration 4/INT4-Team6/web/www/src/components/Header/index.jsx
FN:8,(anonymous_0)
FN:11,(anonymous_1)
FN:29,(anonymous_2)
FN:32,(anonymous_3)
FN:47,(anonymous_4)
FN:140,(anonymous_5)
FNF:6
FNH:0
FNDA:0,(anonymous_0)
FNDA:0,(anonymous_1)
FNDA:0,(anonymous_2)
FNDA:0,(anonymous_3)
FNDA:0,(anonymous_4)
FNDA:0,(anonymous_5)
DA:8,0
DA:9,0
DA:11,0
DA:12,0
DA:13,0
DA:25,0
DA:29,0
DA:30,0
DA:31,0
DA:32,0
DA:43,0
DA:47,0
DA:48,0
DA:49,0
DA:52,0
DA:53,0
DA:71,0
DA:72,0
DA:126,0
DA:140,0
DA:141,0
LF:21
LH:0
BRDA:12,0,0,0
BRDA:12,0,1,0
BRDA:30,1,0,0
BRDA:30,1,1,0
BRDA:48,2,0,0
BRDA:48,2,1,0
BRDA:48,3,0,0
BRDA:48,3,1,0
BRDA:52,4,0,0
BRDA:52,4,1,0
BRDA:52,5,0,0
BRDA:52,5,1,0
BRDA:71,6,0,0
BRDA:71,6,1,0
BRDA:71,7,0,0
BRDA:71,7,1,0
BRF:16
BRH:0
end_of_record
TN:
SF:/Users/liencardoen/Code/mamp-root/Integration 4/INT4-Team6/web/www/src/components/Home/index.jsx
FN:7,(anonymous_0)
FN:10,(anonymous_1)
FN:18,(anonymous_2)
FN:35,(anonymous_3)
FN:41,(anonymous_4)
FNF:5
FNH:0
FNDA:0,(anonymous_0)
FNDA:0,(anonymous_1)
FNDA:0,(anonymous_2)
FNDA:0,(anonymous_3)
FNDA:0,(anonymous_4)
DA:7,0
DA:8,0
DA:10,0
DA:11,0
DA:12,0
DA:14,0
DA:18,0
DA:19,0
DA:35,0
DA:41,0
LF:10
LH:0
BRDA:11,0,0,0
BRDA:11,0,1,0
BRDA:33,1,0,0
BRDA:33,1,1,0
BRDA:40,2,0,0
BRDA:40,2,1,0
BRDA:51,3,0,0
BRDA:51,3,1,0
BRDA:79,4,0,0
BRDA:79,4,1,0
BRDA:96,5,0,0
BRDA:96,5,1,0
BRDA:105,6,0,0
BRDA:105,6,1,0
BRF:14
BRH:0
end_of_record
TN:
SF:/Users/liencardoen/Code/mamp-root/Integration 4/INT4-Team6/web/www/src/components/Loader/index.jsx
FN:4,(anonymous_0)
FNF:1
FNH:0
FNDA:0,(anonymous_0)
DA:4,0
DA:5,0
LF:2
LH:0
BRF:0
BRH:0
end_of_record
TN:
SF:/Users/liencardoen/Code/mamp-root/Integration 4/INT4-Team6/web/www/src/components/Login/index.jsx
FN:9,(anonymous_0)
FN:29,(anonymous_1)
FN:67,(anonymous_2)
FN:94,(anonymous_3)
FNF:4
FNH:0
FNDA:0,(anonymous_0)
FNDA:0,(anonymous_1)
FNDA:0,(anonymous_2)
FNDA:0,(anonymous_3)
DA:9,0
DA:10,0
DA:11,0
DA:12,0
DA:14,0
DA:15,0
DA:29,0
DA:30,0
DA:67,0
DA:94,0
LF:10
LH:0
BRDA:32,0,0,0
BRDA:32,0,1,0
BRF:2
BRH:0
end_of_record
TN:
SF:/Users/liencardoen/Code/mamp-root/Integration 4/INT4-Team6/web/www/src/components/Map/index.jsx
FN:12,(anonymous_0)
FN:21,(anonymous_1)
FN:34,(anonymous_2)
FN:118,(anonymous_3)
FN:134,(anonymous_4)
FN:136,(anonymous_5)
FN:147,(anonymous_6)
FN:151,(anonymous_7)
FN:155,(anonymous_8)
FN:159,(anonymous_9)
FN:162,(anonymous_10)
FN:164,(anonymous_11)
FN:167,(anonymous_12)
FN:198,(anonymous_13)
FN:202,(anonymous_14)
FN:209,(anonymous_15)
FN:214,(anonymous_16)
FNF:17
FNH:0
FNDA:0,(anonymous_0)
FNDA:0,(anonymous_1)
FNDA:0,(anonymous_2)
FNDA:0,(anonymous_3)
FNDA:0,(anonymous_4)
FNDA:0,(anonymous_5)
FNDA:0,(anonymous_6)
FNDA:0,(anonymous_7)
FNDA:0,(anonymous_8)
FNDA:0,(anonymous_9)
FNDA:0,(anonymous_10)
FNDA:0,(anonymous_11)
FNDA:0,(anonymous_12)
FNDA:0,(anonymous_13)
FNDA:0,(anonymous_14)
FNDA:0,(anonymous_15)
FNDA:0,(anonymous_16)
DA:9,0
DA:12,0
DA:13,0
DA:14,0
DA:16,0
DA:17,0
DA:18,0
DA:19,0
DA:21,0
DA:22,0
DA:30,0
DA:31,0
DA:34,0
DA:35,0
DA:39,0
DA:40,0
DA:41,0
DA:43,0
DA:59,0
DA:76,0
DA:96,0
DA:118,0
DA:119,0
DA:127,0
DA:128,0
DA:134,0
DA:136,0
DA:137,0
DA:138,0
DA:139,0
DA:140,0
DA:141,0
DA:142,0
DA:147,0
DA:148,0
DA:151,0
DA:152,0
DA:155,0
DA:156,0
DA:159,0
DA:162,0
DA:163,0
DA:164,0
DA:167,0
DA:168,0
DA:169,0
DA:173,0
DA:180,0
DA:181,0
DA:182,0
DA:185,0
DA:186,0
DA:187,0
DA:188,0
DA:189,0
DA:192,0
DA:196,0
DA:198,0
DA:199,0
DA:202,0
DA:203,0
DA:204,0
DA:205,0
DA:208,0
DA:209,0
DA:210,0
DA:214,0
DA:215,0
LF:68
LH:0
BRDA:137,0,0,0
BRDA:137,0,1,0
BRDA:140,1,0,0
BRDA:140,1,1,0
BRF:4
BRH:0
end_of_record
TN:
SF:/Users/liencardoen/Code/mamp-root/Integration 4/INT4-Team6/web/www/src/components/Menu/index.jsx
FN:9,(anonymous_0)
FN:21,(anonymous_1)
FN:23,(anonymous_2)
FN:47,(anonymous_3)
FNF:4
FNH:0
FNDA:0,(anonymous_0)
FNDA:0,(anonymous_1)
FNDA:0,(anonymous_2)
FNDA:0,(anonymous_3)
DA:9,0
DA:11,0
DA:12,0
DA:13,0
DA:15,0
DA:16,0
DA:18,0
DA:19,0
DA:21,0
DA:23,0
DA:24,0
DA:25,0
DA:26,0
DA:27,0
DA:29,0
DA:30,0
DA:34,0
DA:35,0
DA:37,0
DA:38,0
DA:43,0
DA:47,0
DA:48,0
DA:49,0
DA:72,0
LF:25
LH:0
BRDA:25,0,0,0
BRDA:25,0,1,0
BRDA:37,1,0,0
BRDA:37,1,1,0
BRDA:37,2,0,0
BRDA:37,2,1,0
BRDA:48,3,0,0
BRDA:48,3,1,0
BRF:8
BRH:0
end_of_record
TN:
SF:/Users/liencardoen/Code/mamp-root/Integration 4/INT4-Team6/web/www/src/components/NavBar/index.jsx
FN:8,(anonymous_0)
FN:10,(anonymous_1)
FNF:2
FNH:0
FNDA:0,(anonymous_0)
FNDA:0,(anonymous_1)
DA:8,0
DA:10,0
DA:11,0
LF:3
LH:0
BRF:0
BRH:0
end_of_record
TN:
SF:/Users/liencardoen/Code/mamp-root/Integration 4/INT4-Team6/web/www/src/components/Onboarding/onboardingOne.jsx
FN:7,(anonymous_0)
FN:9,(anonymous_1)
FNF:2
FNH:0
FNDA:0,(anonymous_0)
FNDA:0,(anonymous_1)
DA:7,0
DA:9,0
DA:10,0
LF:3
LH:0
BRF:0
BRH:0
end_of_record
TN:
SF:/Users/liencardoen/Code/mamp-root/Integration 4/INT4-Team6/web/www/src/components/Onboarding/onboardingThree.jsx
FN:7,(anonymous_0)
FN:9,(anonymous_1)
FNF:2
FNH:0
FNDA:0,(anonymous_0)
FNDA:0,(anonymous_1)
DA:7,0
DA:9,0
DA:10,0
LF:3
LH:0
BRF:0
BRH:0
end_of_record
TN:
SF:/Users/liencardoen/Code/mamp-root/Integration 4/INT4-Team6/web/www/src/components/Onboarding/onboardingTwo.jsx
FN:7,(anonymous_0)
FN:9,(anonymous_1)
FNF:2
FNH:0
FNDA:0,(anonymous_0)
FNDA:0,(anonymous_1)
DA:7,0
DA:9,0
DA:10,0
LF:3
LH:0
BRF:0
BRH:0
end_of_record
TN:
SF:/Users/liencardoen/Code/mamp-root/Integration 4/INT4-Team6/web/www/src/components/Preview/index.jsx
FN:7,(anonymous_0)
FN:11,(anonymous_1)
FNF:2
FNH:0
FNDA:0,(anonymous_0)
FNDA:0,(anonymous_1)
DA:7,0
DA:8,0
DA:9,0
DA:11,0
DA:12,0
DA:70,0
LF:6
LH:0
BRF:0
BRH:0
end_of_record
TN:
SF:/Users/liencardoen/Code/mamp-root/Integration 4/INT4-Team6/web/www/src/components/Sidebar/index.jsx
FN:8,(anonymous_0)
FN:10,(anonymous_1)
FN:20,(anonymous_2)
FN:26,(anonymous_3)
FNF:4
FNH:0
FNDA:0,(anonymous_0)
FNDA:0,(anonymous_1)
FNDA:0,(anonymous_2)
FNDA:0,(anonymous_3)
DA:8,0
DA:10,0
DA:11,0
DA:12,0
DA:13,0
DA:14,0
DA:16,0
DA:20,0
DA:21,0
DA:26,0
DA:41,0
LF:11
LH:0
BRDA:11,0,0,0
BRDA:11,0,1,0
BRDA:11,1,0,0
BRDA:11,1,1,0
BRDA:13,2,0,0
BRDA:13,2,1,0
BRDA:13,3,0,0
BRDA:13,3,1,0
BRDA:23,4,0,0
BRDA:23,4,1,0
BRF:10
BRH:0
end_of_record
TN:
SF:/Users/liencardoen/Code/mamp-root/Integration 4/INT4-Team6/web/www/src/consts/index.js
FNF:0
FNH:0
DA:1,0
LF:1
LH:0
BRF:0
BRH:0
end_of_record
TN:
SF:/Users/liencardoen/Code/mamp-root/Integration 4/INT4-Team6/web/www/src/contexts/index.js
FN:6,(anonymous_0)
FNF:1
FNH:0
FNDA:0,(anonymous_0)
DA:4,0
DA:6,0
DA:7,0
DA:8,0
DA:9,0
DA:10,0
DA:13,0
DA:15,0
DA:16,0
LF:9
LH:0
BRF:0
BRH:0
end_of_record
TN:
SF:/Users/liencardoen/Code/mamp-root/Integration 4/INT4-Team6/web/www/src/hooks/useStore.js
FN:4,(anonymous_0)
FNF:1
FNH:0
FNDA:0,(anonymous_0)
DA:4,0
LF:1
LH:0
BRF:0
BRH:0
end_of_record
TN:
SF:/Users/liencardoen/Code/mamp-root/Integration 4/INT4-Team6/web/www/src/models/AncestorModel.js
FN:5,(anonymous_0)
FN:15,(anonymous_1)
FNF:2
FNH:2
FNDA:8,(anonymous_0)
FNDA:12,(anonymous_1)
DA:6,8
DA:7,8
DA:8,1
DA:10,7
DA:11,7
DA:12,7
DA:15,8
DA:36,12
DA:37,12
DA:39,12
DA:40,12
DA:41,12
DA:42,12
DA:43,12
DA:44,12
DA:45,12
DA:46,12
DA:47,12
DA:49,12
DA:50,12
DA:52,12
DA:53,12
DA:54,12
DA:55,12
DA:56,12
DA:57,12
DA:61,7
LF:27
LH:27
BRDA:5,0,0,8
BRDA:7,1,0,1
BRDA:7,1,1,7
BRDA:16,2,0,2
BRDA:17,3,0,12
BRDA:18,4,0,8
BRDA:19,5,0,12
BRDA:20,6,0,12
BRDA:21,7,0,12
BRDA:22,8,0,12
BRDA:23,9,0,12
BRDA:24,10,0,12
BRDA:25,11,0,12
BRDA:26,12,0,12
BRDA:27,13,0,12
BRDA:28,14,0,12
BRDA:29,15,0,12
BRDA:30,16,0,12
BRDA:31,17,0,12
BRDA:32,18,0,12
BRDA:33,19,0,12
BRDA:34,20,0,12
BRDA:36,21,0,10
BRDA:36,21,1,2
BRDA:38,22,0,0
BRDA:38,22,1,12
BRDA:39,23,0,4
BRDA:39,23,1,8
BRDA:40,24,0,0
BRDA:40,24,1,12
BRDA:41,25,0,0
BRDA:41,25,1,12
BRDA:42,26,0,0
BRDA:42,26,1,12
BRDA:43,27,0,0
BRDA:43,27,1,12
BRDA:44,28,0,0
BRDA:44,28,1,12
BRDA:45,29,0,0
BRDA:45,29,1,12
BRDA:46,30,0,0
BRDA:46,30,1,12
BRDA:48,31,0,0
BRDA:48,31,1,12
BRDA:49,32,0,0
BRDA:49,32,1,12
BRDA:51,33,0,0
BRDA:51,33,1,12
BRDA:52,34,0,0
BRDA:52,34,1,12
BRDA:53,35,0,0
BRDA:53,35,1,12
BRDA:54,36,0,0
BRDA:54,36,1,12
BRDA:55,37,0,0
BRDA:55,37,1,12
BRDA:56,38,0,0
BRDA:56,38,1,12
BRDA:57,39,0,0
BRDA:57,39,1,12
BRF:60
BRH:43
end_of_record
TN:
SF:/Users/liencardoen/Code/mamp-root/Integration 4/INT4-Team6/web/www/src/models/BookmarkModel.js
FN:4,(anonymous_0)
FN:14,(anonymous_1)
FN:15,(anonymous_2)
FN:17,(anonymous_3)
FN:31,(anonymous_4)
FNF:5
FNH:3
FNDA:9,(anonymous_0)
FNDA:0,(anonymous_1)
FNDA:0,(anonymous_2)
FNDA:13,(anonymous_3)
FNDA:1,(anonymous_4)
DA:5,9
DA:6,9
DA:7,1
DA:9,8
DA:10,8
DA:11,8
DA:14,9
DA:15,9
DA:17,9
DA:24,13
DA:25,13
DA:26,13
DA:27,13
DA:28,13
DA:32,1
DA:43,7
LF:16
LH:16
BRDA:6,0,0,1
BRDA:6,0,1,8
BRDA:18,1,0,2
BRDA:19,2,0,8
BRDA:20,3,0,12
BRDA:21,4,0,12
BRDA:22,5,0,12
BRDA:24,6,0,11
BRDA:24,6,1,2
BRDA:25,7,0,5
BRDA:25,7,1,8
BRDA:26,8,0,1
BRDA:26,8,1,12
BRDA:27,9,0,1
BRDA:27,9,1,12
BRDA:28,10,0,1
BRDA:28,10,1,12
BRF:17
BRH:17
end_of_record
TN:
SF:/Users/liencardoen/Code/mamp-root/Integration 4/INT4-Team6/web/www/src/models/UserModel.js
FN:5,(anonymous_0)
FN:15,(anonymous_1)
FNF:2
FNH:2
FNDA:9,(anonymous_0)
FNDA:13,(anonymous_1)
DA:6,9
DA:7,9
DA:8,1
DA:10,8
DA:11,8
DA:12,8
DA:15,9
DA:21,13
DA:22,13
DA:23,13
DA:24,13
DA:28,7
LF:12
LH:12
BRDA:7,0,0,1
BRDA:7,0,1,8
BRDA:16,1,0,2
BRDA:17,2,0,10
BRDA:18,3,0,13
BRDA:19,4,0,13
BRDA:21,5,0,11
BRDA:21,5,1,2
BRDA:22,6,0,3
BRDA:22,6,1,10
BRDA:23,7,0,0
BRDA:23,7,1,13
BRDA:24,8,0,0
BRDA:24,8,1,13
BRF:14
BRH:12
end_of_record
TN:
SF:/Users/liencardoen/Code/mamp-root/Integration 4/INT4-Team6/web/www/src/services/RestService.js
FN:9,(anonymous_0)
FN:13,(anonymous_1)
FN:19,(anonymous_2)
FN:31,(anonymous_3)
FN:38,(anonymous_4)
FN:51,(anonymous_5)
FN:64,(anonymous_6)
FN:77,(anonymous_7)
FNF:8
FNH:1
FNDA:66,(anonymous_0)
FNDA:0,(anonymous_1)
FNDA:0,(anonymous_2)
FNDA:0,(anonymous_3)
FNDA:0,(anonymous_4)
FNDA:0,(anonymous_5)
FNDA:0,(anonymous_6)
FNDA:0,(anonymous_7)
DA:3,7
DA:6,66
DA:7,66
DA:10,66
DA:13,66
DA:14,0
DA:15,0
DA:16,0
DA:19,66
DA:20,0
DA:21,0
DA:22,0
DA:23,0
DA:24,0
DA:25,0
DA:26,0
DA:28,0
DA:31,66
DA:32,0
DA:33,0
DA:34,0
DA:35,0
DA:38,66
DA:39,0
DA:40,0
DA:41,0
DA:45,0
DA:47,0
DA:51,66
DA:52,0
DA:53,0
DA:54,0
DA:58,0
DA:60,0
DA:64,66
DA:65,0
DA:66,0
DA:67,0
DA:71,0
DA:73,0
DA:77,66
DA:78,0
DA:84,0
DA:85,0
DA:87,0
LF:45
LH:11
BRDA:3,0,0,7
BRDA:3,0,1,7
BRDA:19,1,0,0
BRDA:21,2,0,0
BRDA:21,2,1,0
BRDA:23,3,0,0
BRDA:23,3,1,0
BRDA:24,4,0,0
BRDA:24,4,1,0
BRDA:77,5,0,0
BRDA:84,6,0,0
BRDA:84,6,1,0
BRF:12
BRH:2
end_of_record
TN:
SF:/Users/liencardoen/Code/mamp-root/Integration 4/INT4-Team6/web/www/src/stores/AncestorStore.js
FN:6,(anonymous_0)
FN:13,(anonymous_1)
FN:15,(anonymous_2)
FN:19,(anonymous_3)
FN:25,(anonymous_4)
FN:29,(anonymous_5)
FN:30,(anonymous_6)
FN:45,(anonymous_7)
FN:45,(anonymous_8)
FNF:9
FNH:6
FNDA:22,(anonymous_0)
FNDA:0,(anonymous_1)
FNDA:0,(anonymous_2)
FNDA:0,(anonymous_3)
FNDA:7,(anonymous_4)
FNDA:2,(anonymous_5)
FNDA:1,(anonymous_6)
FNDA:1,(anonymous_7)
FNDA:1,(anonymous_8)
DA:7,22
DA:8,22
DA:9,22
DA:10,22
DA:13,22
DA:14,0
DA:15,0
DA:16,0
DA:19,22
DA:20,0
DA:21,0
DA:22,0
DA:25,22
DA:26,7
DA:30,2
DA:31,2
DA:32,1
DA:37,2
DA:38,0
DA:40,2
DA:42,2
DA:45,22
DA:48,7
LF:23
LH:16
BRDA:31,0,0,1
BRDA:31,0,1,1
BRDA:37,1,0,0
BRDA:37,1,1,2
BRF:4
BRH:3
end_of_record
TN:
SF:/Users/liencardoen/Code/mamp-root/Integration 4/INT4-Team6/web/www/src/stores/BookmarkStore.js
FN:6,(anonymous_0)
FN:12,(anonymous_1)
FN:14,(anonymous_2)
FN:17,(anonymous_3)
FN:22,(anonymous_4)
FN:27,(anonymous_5)
FN:31,(anonymous_6)
FN:32,(anonymous_7)
FN:47,(anonymous_8)
FN:47,(anonymous_9)
FNF:10
FNH:6
FNDA:22,(anonymous_0)
FNDA:0,(anonymous_1)
FNDA:0,(anonymous_2)
FNDA:0,(anonymous_3)
FNDA:0,(anonymous_4)
FNDA:8,(anonymous_5)
FNDA:2,(anonymous_6)
FNDA:1,(anonymous_7)
FNDA:1,(anonymous_8)
FNDA:1,(anonymous_9)
DA:7,22
DA:8,22
DA:9,22
DA:12,22
DA:13,0
DA:14,0
DA:17,22
DA:18,0
DA:19,0
DA:22,22
DA:23,0
DA:24,0
DA:27,22
DA:28,8
DA:32,2
DA:33,2
DA:34,1
DA:39,2
DA:40,0
DA:42,2
DA:44,2
DA:47,22
DA:50,7
LF:23
LH:16
BRDA:33,0,0,1
BRDA:33,0,1,1
BRDA:39,1,0,0
BRDA:39,1,1,2
BRF:4
BRH:3
end_of_record
TN:
SF:/Users/liencardoen/Code/mamp-root/Integration 4/INT4-Team6/web/www/src/stores/UiStore.js
FN:4,(anonymous_0)
FN:9,(anonymous_1)
FNF:2
FNH:2
FNDA:21,(anonymous_0)
FNDA:1,(anonymous_1)
DA:5,21
DA:6,21
DA:10,1
DA:14,7
LF:4
LH:4
BRF:0
BRH:0
end_of_record
TN:
SF:/Users/liencardoen/Code/mamp-root/Integration 4/INT4-Team6/web/www/src/stores/UserStore.js
FN:6,(anonymous_0)
FN:12,(anonymous_1)
FN:14,(anonymous_2)
FN:17,(anonymous_3)
FN:23,(anonymous_4)
FN:27,(anonymous_5)
FN:28,(anonymous_6)
FN:43,(anonymous_7)
FN:43,(anonymous_8)
FNF:9
FNH:6
FNDA:22,(anonymous_0)
FNDA:0,(anonymous_1)
FNDA:0,(anonymous_2)
FNDA:0,(anonymous_3)
FNDA:8,(anonymous_4)
FNDA:2,(anonymous_5)
FNDA:1,(anonymous_6)
FNDA:1,(anonymous_7)
FNDA:1,(anonymous_8)
DA:7,22
DA:8,22
DA:9,22
DA:12,22
DA:13,0
DA:14,0
DA:17,22
DA:18,0
DA:19,0
DA:20,0
DA:23,22
DA:24,8
DA:28,2
DA:29,2
DA:30,1
DA:35,2
DA:36,0
DA:38,2
DA:40,2
DA:43,22
DA:46,7
LF:21
LH:15
BRDA:29,0,0,1
BRDA:29,0,1,1
BRDA:35,1,0,0
BRDA:35,1,1,2
BRF:4
BRH:3
end_of_record
TN:
SF:/Users/liencardoen/Code/mamp-root/Integration 4/INT4-Team6/web/www/src/stores/index.js
FN:7,(anonymous_0)
FNF:1
FNH:1
FNDA:20,(anonymous_0)
DA:8,20
DA:9,20
DA:10,20
DA:11,20
LF:4
LH:4
BRF:0
BRH:0
end_of_record
TN:
SF:/Users/liencardoen/Code/mamp-root/Integration 4/INT4-Team6/web/www/src/utils/delay.js
FN:1,(anonymous_0)
FN:2,(anonymous_1)
FN:3,(anonymous_2)
FNF:3
FNH:0
FNDA:0,(anonymous_0)
FNDA:0,(anonymous_1)
FNDA:0,(anonymous_2)
DA:1,7
DA:2,0
DA:3,0
LF:3
LH:1
BRF:0
BRH:0
end_of_record
